2021-02-05 13:56:40 |INFO  |http-nio-8160-exec-1 |LogHandler.java:62 |cn.antigenmhc.otaku.service.base.handler.LogHandler |------------- 【GET】查询开始 -------------
2021-02-05 13:56:40 |INFO  |http-nio-8160-exec-1 |LogHandler.java:63 |cn.antigenmhc.otaku.service.base.handler.LogHandler |请求地址: http://localhost:8160/api/site/ad/list/1 GET
2021-02-05 13:56:40 |INFO  |http-nio-8160-exec-1 |LogHandler.java:64 |cn.antigenmhc.otaku.service.base.handler.LogHandler |类名方法: cn.antigenmhc.otaku.service.cms.controller.site_api.ApiAdController.getListByTypeId
2021-02-05 13:56:40 |INFO  |http-nio-8160-exec-1 |LogHandler.java:65 |cn.antigenmhc.otaku.service.base.handler.LogHandler |远程地址: 127.0.0.1
2021-02-05 16:19:04 |INFO  |http-nio-8160-exec-4 |LogHandler.java:62 |cn.antigenmhc.otaku.service.base.handler.LogHandler |------------- 【GET】查询开始 -------------
2021-02-05 16:19:04 |INFO  |http-nio-8160-exec-4 |LogHandler.java:63 |cn.antigenmhc.otaku.service.base.handler.LogHandler |请求地址: http://localhost:8160/api/site/ad/list/1 GET
2021-02-05 16:19:04 |INFO  |http-nio-8160-exec-4 |LogHandler.java:64 |cn.antigenmhc.otaku.service.base.handler.LogHandler |类名方法: cn.antigenmhc.otaku.service.cms.controller.site_api.ApiAdController.getListByTypeId
2021-02-05 16:19:04 |INFO  |http-nio-8160-exec-4 |LogHandler.java:65 |cn.antigenmhc.otaku.service.base.handler.LogHandler |远程地址: 127.0.0.1
2021-02-05 16:19:27 |INFO  |http-nio-8160-exec-7 |LogHandler.java:62 |cn.antigenmhc.otaku.service.base.handler.LogHandler |------------- 【GET】查询开始 -------------
2021-02-05 16:19:27 |INFO  |http-nio-8160-exec-7 |LogHandler.java:63 |cn.antigenmhc.otaku.service.base.handler.LogHandler |请求地址: http://localhost:8160/api/site/ad/list/1 GET
2021-02-05 16:19:27 |INFO  |http-nio-8160-exec-7 |LogHandler.java:64 |cn.antigenmhc.otaku.service.base.handler.LogHandler |类名方法: cn.antigenmhc.otaku.service.cms.controller.site_api.ApiAdController.getListByTypeId
2021-02-05 16:19:27 |INFO  |http-nio-8160-exec-7 |LogHandler.java:65 |cn.antigenmhc.otaku.service.base.handler.LogHandler |远程地址: 127.0.0.1
2021-02-05 16:19:27 |INFO  |http-nio-8160-exec-6 |LogHandler.java:62 |cn.antigenmhc.otaku.service.base.handler.LogHandler |------------- 【GET】查询开始 -------------
2021-02-05 16:19:27 |INFO  |http-nio-8160-exec-6 |LogHandler.java:63 |cn.antigenmhc.otaku.service.base.handler.LogHandler |请求地址: http://localhost:8160/api/site/ad/list/1 GET
2021-02-05 16:19:27 |INFO  |http-nio-8160-exec-6 |LogHandler.java:64 |cn.antigenmhc.otaku.service.base.handler.LogHandler |类名方法: cn.antigenmhc.otaku.service.cms.controller.site_api.ApiAdController.getListByTypeId
2021-02-05 16:19:27 |INFO  |http-nio-8160-exec-6 |LogHandler.java:65 |cn.antigenmhc.otaku.service.base.handler.LogHandler |远程地址: 127.0.0.1
2021-02-05 17:02:36 |INFO  |http-nio-8160-exec-5 |LogHandler.java:62 |cn.antigenmhc.otaku.service.base.handler.LogHandler |------------- 【GET】查询开始 -------------
2021-02-05 17:02:36 |INFO  |http-nio-8160-exec-5 |LogHandler.java:63 |cn.antigenmhc.otaku.service.base.handler.LogHandler |请求地址: http://localhost:8160/api/site/ad/list/1 GET
2021-02-05 17:02:36 |INFO  |http-nio-8160-exec-5 |LogHandler.java:64 |cn.antigenmhc.otaku.service.base.handler.LogHandler |类名方法: cn.antigenmhc.otaku.service.cms.controller.site_api.ApiAdController.getListByTypeId
2021-02-05 17:02:36 |INFO  |http-nio-8160-exec-5 |LogHandler.java:65 |cn.antigenmhc.otaku.service.base.handler.LogHandler |远程地址: 127.0.0.1
2021-02-05 17:02:52 |INFO  |http-nio-8160-exec-10 |LogHandler.java:62 |cn.antigenmhc.otaku.service.base.handler.LogHandler |------------- 【GET】查询开始 -------------
2021-02-05 17:02:52 |INFO  |http-nio-8160-exec-10 |LogHandler.java:63 |cn.antigenmhc.otaku.service.base.handler.LogHandler |请求地址: http://localhost:8160/api/site/ad/list/1 GET
2021-02-05 17:02:52 |INFO  |http-nio-8160-exec-10 |LogHandler.java:64 |cn.antigenmhc.otaku.service.base.handler.LogHandler |类名方法: cn.antigenmhc.otaku.service.cms.controller.site_api.ApiAdController.getListByTypeId
2021-02-05 17:02:52 |INFO  |http-nio-8160-exec-10 |LogHandler.java:65 |cn.antigenmhc.otaku.service.base.handler.LogHandler |远程地址: 127.0.0.1
2021-02-05 17:02:52 |INFO  |http-nio-8160-exec-9 |LogHandler.java:62 |cn.antigenmhc.otaku.service.base.handler.LogHandler |------------- 【GET】查询开始 -------------
2021-02-05 17:02:52 |INFO  |http-nio-8160-exec-9 |LogHandler.java:63 |cn.antigenmhc.otaku.service.base.handler.LogHandler |请求地址: http://localhost:8160/api/site/ad/list/1 GET
2021-02-05 17:02:52 |INFO  |http-nio-8160-exec-9 |LogHandler.java:64 |cn.antigenmhc.otaku.service.base.handler.LogHandler |类名方法: cn.antigenmhc.otaku.service.cms.controller.site_api.ApiAdController.getListByTypeId
2021-02-05 17:02:52 |INFO  |http-nio-8160-exec-9 |LogHandler.java:65 |cn.antigenmhc.otaku.service.base.handler.LogHandler |远程地址: 127.0.0.1
2021-02-05 17:06:01 |INFO  |http-nio-8160-exec-8 |LogHandler.java:62 |cn.antigenmhc.otaku.service.base.handler.LogHandler |------------- 【GET】查询开始 -------------
2021-02-05 17:06:01 |INFO  |http-nio-8160-exec-8 |LogHandler.java:63 |cn.antigenmhc.otaku.service.base.handler.LogHandler |请求地址: http://localhost:8160/api/site/ad/list/1 GET
2021-02-05 17:06:01 |INFO  |http-nio-8160-exec-8 |LogHandler.java:64 |cn.antigenmhc.otaku.service.base.handler.LogHandler |类名方法: cn.antigenmhc.otaku.service.cms.controller.site_api.ApiAdController.getListByTypeId
2021-02-05 17:06:01 |INFO  |http-nio-8160-exec-8 |LogHandler.java:65 |cn.antigenmhc.otaku.service.base.handler.LogHandler |远程地址: 127.0.0.1
2021-02-05 18:28:38 |INFO  |http-nio-8160-exec-2 |LogHandler.java:62 |cn.antigenmhc.otaku.service.base.handler.LogHandler |------------- 【GET】查询开始 -------------
2021-02-05 18:28:38 |INFO  |http-nio-8160-exec-2 |LogHandler.java:63 |cn.antigenmhc.otaku.service.base.handler.LogHandler |请求地址: http://localhost:8160/api/site/ad/list/1 GET
2021-02-05 18:28:38 |INFO  |http-nio-8160-exec-2 |LogHandler.java:64 |cn.antigenmhc.otaku.service.base.handler.LogHandler |类名方法: cn.antigenmhc.otaku.service.cms.controller.site_api.ApiAdController.getListByTypeId
2021-02-05 18:28:38 |INFO  |http-nio-8160-exec-2 |LogHandler.java:65 |cn.antigenmhc.otaku.service.base.handler.LogHandler |远程地址: 127.0.0.1
2021-02-05 21:25:47 |INFO  |http-nio-8160-exec-3 |LogHandler.java:62 |cn.antigenmhc.otaku.service.base.handler.LogHandler |------------- 【GET】查询开始 -------------
2021-02-05 21:25:47 |INFO  |http-nio-8160-exec-3 |LogHandler.java:63 |cn.antigenmhc.otaku.service.base.handler.LogHandler |请求地址: http://localhost:8160/api/site/ad/list/1 GET
2021-02-05 21:25:47 |INFO  |http-nio-8160-exec-3 |LogHandler.java:64 |cn.antigenmhc.otaku.service.base.handler.LogHandler |类名方法: cn.antigenmhc.otaku.service.cms.controller.site_api.ApiAdController.getListByTypeId
2021-02-05 21:25:47 |INFO  |http-nio-8160-exec-3 |LogHandler.java:65 |cn.antigenmhc.otaku.service.base.handler.LogHandler |远程地址: 127.0.0.1
2021-02-05 21:38:30 |INFO  |http-nio-8160-exec-1 |LogHandler.java:62 |cn.antigenmhc.otaku.service.base.handler.LogHandler |------------- 【GET】查询开始 -------------
2021-02-05 21:38:30 |INFO  |http-nio-8160-exec-1 |LogHandler.java:63 |cn.antigenmhc.otaku.service.base.handler.LogHandler |请求地址: http://localhost:8160/api/site/ad/list/1 GET
2021-02-05 21:38:30 |INFO  |http-nio-8160-exec-1 |LogHandler.java:64 |cn.antigenmhc.otaku.service.base.handler.LogHandler |类名方法: cn.antigenmhc.otaku.service.cms.controller.site_api.ApiAdController.getListByTypeId
2021-02-05 21:38:30 |INFO  |http-nio-8160-exec-1 |LogHandler.java:65 |cn.antigenmhc.otaku.service.base.handler.LogHandler |远程地址: 127.0.0.1
2021-02-05 21:39:59 |INFO  |http-nio-8160-exec-4 |LogHandler.java:62 |cn.antigenmhc.otaku.service.base.handler.LogHandler |------------- 【GET】查询开始 -------------
2021-02-05 21:39:59 |INFO  |http-nio-8160-exec-4 |LogHandler.java:63 |cn.antigenmhc.otaku.service.base.handler.LogHandler |请求地址: http://localhost:8160/api/site/ad/list/1 GET
2021-02-05 21:39:59 |INFO  |http-nio-8160-exec-4 |LogHandler.java:64 |cn.antigenmhc.otaku.service.base.handler.LogHandler |类名方法: cn.antigenmhc.otaku.service.cms.controller.site_api.ApiAdController.getListByTypeId
2021-02-05 21:39:59 |INFO  |http-nio-8160-exec-4 |LogHandler.java:65 |cn.antigenmhc.otaku.service.base.handler.LogHandler |远程地址: 127.0.0.1
2021-02-05 21:40:44 |INFO  |http-nio-8160-exec-7 |LogHandler.java:62 |cn.antigenmhc.otaku.service.base.handler.LogHandler |------------- 【GET】查询开始 -------------
2021-02-05 21:40:44 |INFO  |http-nio-8160-exec-7 |LogHandler.java:63 |cn.antigenmhc.otaku.service.base.handler.LogHandler |请求地址: http://localhost:8160/api/site/ad/list/1 GET
2021-02-05 21:40:44 |INFO  |http-nio-8160-exec-7 |LogHandler.java:64 |cn.antigenmhc.otaku.service.base.handler.LogHandler |类名方法: cn.antigenmhc.otaku.service.cms.controller.site_api.ApiAdController.getListByTypeId
2021-02-05 21:40:44 |INFO  |http-nio-8160-exec-7 |LogHandler.java:65 |cn.antigenmhc.otaku.service.base.handler.LogHandler |远程地址: 127.0.0.1
2021-02-05 21:41:34 |INFO  |http-nio-8160-exec-6 |LogHandler.java:62 |cn.antigenmhc.otaku.service.base.handler.LogHandler |------------- 【GET】查询开始 -------------
2021-02-05 21:41:34 |INFO  |http-nio-8160-exec-6 |LogHandler.java:63 |cn.antigenmhc.otaku.service.base.handler.LogHandler |请求地址: http://localhost:8160/api/site/ad/list/1 GET
2021-02-05 21:41:34 |INFO  |http-nio-8160-exec-6 |LogHandler.java:64 |cn.antigenmhc.otaku.service.base.handler.LogHandler |类名方法: cn.antigenmhc.otaku.service.cms.controller.site_api.ApiAdController.getListByTypeId
2021-02-05 21:41:34 |INFO  |http-nio-8160-exec-6 |LogHandler.java:65 |cn.antigenmhc.otaku.service.base.handler.LogHandler |远程地址: 127.0.0.1
2021-02-05 21:42:29 |INFO  |http-nio-8160-exec-5 |LogHandler.java:62 |cn.antigenmhc.otaku.service.base.handler.LogHandler |------------- 【GET】查询开始 -------------
2021-02-05 21:42:29 |INFO  |http-nio-8160-exec-5 |LogHandler.java:63 |cn.antigenmhc.otaku.service.base.handler.LogHandler |请求地址: http://localhost:8160/api/site/ad/list/1 GET
2021-02-05 21:42:29 |INFO  |http-nio-8160-exec-5 |LogHandler.java:64 |cn.antigenmhc.otaku.service.base.handler.LogHandler |类名方法: cn.antigenmhc.otaku.service.cms.controller.site_api.ApiAdController.getListByTypeId
2021-02-05 21:42:29 |INFO  |http-nio-8160-exec-5 |LogHandler.java:65 |cn.antigenmhc.otaku.service.base.handler.LogHandler |远程地址: 127.0.0.1
2021-02-05 22:54:21 |INFO  |main |SpringApplication.java:655 |cn.antigenmhc.otaku.service.cms.CmsApplication |The following profiles are active: dev
2021-02-05 22:54:22 |INFO  |main |RepositoryConfigurationDelegate.java:249 |org.springframework.data.repository.config.RepositoryConfigurationDelegate |Multiple Spring Data modules found, entering strict repository configuration mode!
2021-02-05 22:54:22 |INFO  |main |RepositoryConfigurationDelegate.java:127 |org.springframework.data.repository.config.RepositoryConfigurationDelegate |Bootstrapping Spring Data Redis repositories in DEFAULT mode.
2021-02-05 22:54:22 |INFO  |main |RepositoryConfigurationDelegate.java:187 |org.springframework.data.repository.config.RepositoryConfigurationDelegate |Finished Spring Data repository scanning in 19ms. Found 0 Redis repository interfaces.
2021-02-05 22:54:23 |INFO  |main |GenericScope.java:295 |org.springframework.cloud.context.scope.GenericScope |BeanFactory id=919a47a9-4dee-3c76-8874-bb08e2609124
2021-02-05 22:54:23 |INFO  |main |PostProcessorRegistrationDelegate.java:330 |org.springframework.context.support.PostProcessorRegistrationDelegate$BeanPostProcessorChecker |Bean 'org.springframework.transaction.annotation.ProxyTransactionManagementConfiguration' of type [org.springframework.transaction.annotation.ProxyTransactionManagementConfiguration] is not eligible for getting processed by all BeanPostProcessors (for example: not eligible for auto-proxying)
2021-02-05 22:54:23 |INFO  |main |PostProcessorRegistrationDelegate.java:330 |org.springframework.context.support.PostProcessorRegistrationDelegate$BeanPostProcessorChecker |Bean 'spring.cloud.sentinel-com.alibaba.cloud.sentinel.SentinelProperties' of type [com.alibaba.cloud.sentinel.SentinelProperties] is not eligible for getting processed by all BeanPostProcessors (for example: not eligible for auto-proxying)
2021-02-05 22:54:23 |INFO  |main |PostProcessorRegistrationDelegate.java:330 |org.springframework.context.support.PostProcessorRegistrationDelegate$BeanPostProcessorChecker |Bean 'com.alibaba.cloud.sentinel.custom.SentinelAutoConfiguration' of type [com.alibaba.cloud.sentinel.custom.SentinelAutoConfiguration$$EnhancerBySpringCGLIB$$690240d1] is not eligible for getting processed by all BeanPostProcessors (for example: not eligible for auto-proxying)
2021-02-05 22:54:23 |INFO  |main |TomcatWebServer.java:92 |org.springframework.boot.web.embedded.tomcat.TomcatWebServer |Tomcat initialized with port(s): 8160 (http)
2021-02-05 22:54:23 |INFO  |main |DirectJDKLog.java:173 |org.apache.coyote.http11.Http11NioProtocol |Initializing ProtocolHandler ["http-nio-8160"]
2021-02-05 22:54:23 |INFO  |main |DirectJDKLog.java:173 |org.apache.catalina.core.StandardService |Starting service [Tomcat]
2021-02-05 22:54:23 |INFO  |main |DirectJDKLog.java:173 |org.apache.catalina.core.StandardEngine |Starting Servlet engine: [Apache Tomcat/9.0.29]
2021-02-05 22:54:24 |INFO  |main |DirectJDKLog.java:173 |org.apache.catalina.core.ContainerBase.[Tomcat].[localhost].[/] |Initializing Spring embedded WebApplicationContext
2021-02-05 22:54:24 |INFO  |main |ServletWebServerApplicationContext.java:284 |org.springframework.web.context.ContextLoader |Root WebApplicationContext: initialization completed in 2665 ms
2021-02-05 22:54:24 |INFO  |main |SentinelWebAutoConfiguration.java:96 |com.alibaba.cloud.sentinel.SentinelWebAutoConfiguration |[Sentinel Starter] register Sentinel CommonFilter with urlPatterns: [/*].
2021-02-05 22:54:31 |INFO  |main |PropertySourcedRequestMappingHandlerMapping.java:69 |springfox.documentation.spring.web.PropertySourcedRequestMappingHandlerMapping |Mapped URL path [/v2/api-docs] onto method [springfox.documentation.swagger2.web.Swagger2Controller#getDocumentation(String, HttpServletRequest)]
2021-02-05 22:54:31 |INFO  |main |URLConfigurationSource.java:122 |com.netflix.config.sources.URLConfigurationSource |To enable URLs as dynamic configuration sources, define System property archaius.configurationSource.additionalUrls or make config.properties available on classpath.
2021-02-05 22:54:31 |INFO  |main |URLConfigurationSource.java:122 |com.netflix.config.sources.URLConfigurationSource |To enable URLs as dynamic configuration sources, define System property archaius.configurationSource.additionalUrls or make config.properties available on classpath.
2021-02-05 22:54:32 |INFO  |main |ExecutorConfigurationSupport.java:171 |org.springframework.scheduling.concurrent.ThreadPoolTaskExecutor |Initializing ExecutorService 'applicationTaskExecutor'
2021-02-05 22:54:38 |INFO  |main |ExecutorConfigurationSupport.java:171 |org.springframework.scheduling.concurrent.ThreadPoolTaskScheduler |Initializing ExecutorService
2021-02-05 22:54:49 |INFO  |main |DocumentationPluginsBootstrapper.java:151 |springfox.documentation.spring.web.plugins.DocumentationPluginsBootstrapper |Context refreshed
2021-02-05 22:54:49 |INFO  |main |DocumentationPluginsBootstrapper.java:154 |springfox.documentation.spring.web.plugins.DocumentationPluginsBootstrapper |Found 8 custom documentation plugin(s)
2021-02-05 22:54:49 |INFO  |main |ApiListingReferenceScanner.java:41 |springfox.documentation.spring.web.scanners.ApiListingReferenceScanner |Scanning for api listing references
2021-02-05 22:54:49 |INFO  |main |ApiListingReferenceScanner.java:41 |springfox.documentation.spring.web.scanners.ApiListingReferenceScanner |Scanning for api listing references
2021-02-05 22:54:50 |INFO  |main |CachingOperationNameGenerator.java:40 |springfox.documentation.spring.web.readers.operation.CachingOperationNameGenerator |Generating unique operation named: getByIdUsingGET_1
2021-02-05 22:54:50 |INFO  |main |CachingOperationNameGenerator.java:40 |springfox.documentation.spring.web.readers.operation.CachingOperationNameGenerator |Generating unique operation named: listPageUsingGET_1
2021-02-05 22:54:50 |INFO  |main |CachingOperationNameGenerator.java:40 |springfox.documentation.spring.web.readers.operation.CachingOperationNameGenerator |Generating unique operation named: removeByIdUsingDELETE_1
2021-02-05 22:54:50 |INFO  |main |CachingOperationNameGenerator.java:40 |springfox.documentation.spring.web.readers.operation.CachingOperationNameGenerator |Generating unique operation named: saveUsingPOST_1
2021-02-05 22:54:50 |INFO  |main |CachingOperationNameGenerator.java:40 |springfox.documentation.spring.web.readers.operation.CachingOperationNameGenerator |Generating unique operation named: updateByIdUsingPUT_1
2021-02-05 22:54:50 |INFO  |main |ApiListingReferenceScanner.java:41 |springfox.documentation.spring.web.scanners.ApiListingReferenceScanner |Scanning for api listing references
2021-02-05 22:54:50 |INFO  |main |ApiListingReferenceScanner.java:41 |springfox.documentation.spring.web.scanners.ApiListingReferenceScanner |Scanning for api listing references
2021-02-05 22:54:50 |INFO  |main |ApiListingReferenceScanner.java:41 |springfox.documentation.spring.web.scanners.ApiListingReferenceScanner |Scanning for api listing references
2021-02-05 22:54:50 |INFO  |main |ApiListingReferenceScanner.java:41 |springfox.documentation.spring.web.scanners.ApiListingReferenceScanner |Scanning for api listing references
2021-02-05 22:54:50 |INFO  |main |ApiListingReferenceScanner.java:41 |springfox.documentation.spring.web.scanners.ApiListingReferenceScanner |Scanning for api listing references
2021-02-05 22:54:50 |INFO  |main |ApiListingReferenceScanner.java:41 |springfox.documentation.spring.web.scanners.ApiListingReferenceScanner |Scanning for api listing references
2021-02-05 22:54:50 |INFO  |main |DirectJDKLog.java:173 |org.apache.coyote.http11.Http11NioProtocol |Starting ProtocolHandler ["http-nio-8160"]
2021-02-05 22:54:50 |INFO  |main |TomcatWebServer.java:204 |org.springframework.boot.web.embedded.tomcat.TomcatWebServer |Tomcat started on port(s): 8160 (http) with context path ''
2021-02-05 22:54:50 |INFO  |main |NacosServiceRegistry.java:62 |com.alibaba.cloud.nacos.registry.NacosServiceRegistry |nacos registry, service-cms 192.168.211.193:8160 register finished
2021-02-05 22:54:56 |INFO  |main |StartupInfoLogger.java:61 |cn.antigenmhc.otaku.service.cms.CmsApplication |Started CmsApplication in 50.826 seconds (JVM running for 56.706)
2021-02-05 23:02:13 |INFO  |http-nio-8160-exec-1 |DirectJDKLog.java:173 |org.apache.catalina.core.ContainerBase.[Tomcat].[localhost].[/] |Initializing Spring DispatcherServlet 'dispatcherServlet'
2021-02-05 23:02:13 |INFO  |http-nio-8160-exec-1 |FrameworkServlet.java:525 |org.springframework.web.servlet.DispatcherServlet |Initializing Servlet 'dispatcherServlet'
2021-02-05 23:02:13 |INFO  |http-nio-8160-exec-1 |FrameworkServlet.java:547 |org.springframework.web.servlet.DispatcherServlet |Completed initialization in 11 ms
2021-02-05 23:02:13 |INFO  |http-nio-8160-exec-1 |LogHandler.java:62 |cn.antigenmhc.otaku.service.base.handler.LogHandler |------------- 【GET】查询开始 -------------
2021-02-05 23:02:13 |INFO  |http-nio-8160-exec-1 |LogHandler.java:63 |cn.antigenmhc.otaku.service.base.handler.LogHandler |请求地址: http://127.0.0.1:8160/admin/cms/ad/list/1/10 GET
2021-02-05 23:02:13 |INFO  |http-nio-8160-exec-1 |LogHandler.java:64 |cn.antigenmhc.otaku.service.base.handler.LogHandler |类名方法: cn.antigenmhc.otaku.service.cms.controller.admin.AdController.listPage
2021-02-05 23:02:13 |INFO  |http-nio-8160-exec-1 |LogHandler.java:65 |cn.antigenmhc.otaku.service.base.handler.LogHandler |远程地址: 127.0.0.1
2021-02-05 23:02:13 |INFO  |http-nio-8160-exec-1 |HikariDataSource.java:110 |com.zaxxer.hikari.HikariDataSource |HikariPool-1 - Starting...
2021-02-05 23:02:13 |INFO  |http-nio-8160-exec-1 |HikariDataSource.java:123 |com.zaxxer.hikari.HikariDataSource |HikariPool-1 - Start completed.
2021-02-05 23:53:22 |INFO  |http-nio-8160-exec-5 |LogHandler.java:62 |cn.antigenmhc.otaku.service.base.handler.LogHandler |------------- 【GET】查询开始 -------------
2021-02-05 23:53:22 |INFO  |http-nio-8160-exec-5 |LogHandler.java:63 |cn.antigenmhc.otaku.service.base.handler.LogHandler |请求地址: http://localhost:8160/api/site/ad/list/1 GET
2021-02-05 23:53:22 |INFO  |http-nio-8160-exec-5 |LogHandler.java:64 |cn.antigenmhc.otaku.service.base.handler.LogHandler |类名方法: cn.antigenmhc.otaku.service.cms.controller.site_api.ApiAdController.getListByTypeId
2021-02-05 23:53:22 |INFO  |http-nio-8160-exec-5 |LogHandler.java:65 |cn.antigenmhc.otaku.service.base.handler.LogHandler |远程地址: 127.0.0.1
2021-02-05 23:53:22 |INFO  |http-nio-8160-exec-5 |EpollProvider.java:68 |io.lettuce.core.EpollProvider |Starting without optional epoll library
2021-02-05 23:53:22 |INFO  |http-nio-8160-exec-5 |KqueueProvider.java:70 |io.lettuce.core.KqueueProvider |Starting without optional kqueue library
2021-02-05 23:54:17 |INFO  |http-nio-8160-exec-6 |LogHandler.java:62 |cn.antigenmhc.otaku.service.base.handler.LogHandler |------------- 【GET】查询开始 -------------
2021-02-05 23:54:17 |INFO  |http-nio-8160-exec-6 |LogHandler.java:63 |cn.antigenmhc.otaku.service.base.handler.LogHandler |请求地址: http://localhost:8160/api/site/ad/list/1 GET
2021-02-05 23:54:17 |INFO  |http-nio-8160-exec-6 |LogHandler.java:64 |cn.antigenmhc.otaku.service.base.handler.LogHandler |类名方法: cn.antigenmhc.otaku.service.cms.controller.site_api.ApiAdController.getListByTypeId
2021-02-05 23:54:17 |INFO  |http-nio-8160-exec-6 |LogHandler.java:65 |cn.antigenmhc.otaku.service.base.handler.LogHandler |远程地址: 127.0.0.1
2021-02-05 23:55:40 |INFO  |http-nio-8160-exec-9 |LogHandler.java:62 |cn.antigenmhc.otaku.service.base.handler.LogHandler |------------- 【GET】查询开始 -------------
2021-02-05 23:55:40 |INFO  |http-nio-8160-exec-9 |LogHandler.java:63 |cn.antigenmhc.otaku.service.base.handler.LogHandler |请求地址: http://localhost:8160/api/site/ad/list/1 GET
2021-02-05 23:55:40 |INFO  |http-nio-8160-exec-9 |LogHandler.java:64 |cn.antigenmhc.otaku.service.base.handler.LogHandler |类名方法: cn.antigenmhc.otaku.service.cms.controller.site_api.ApiAdController.getListByTypeId
2021-02-05 23:55:40 |INFO  |http-nio-8160-exec-9 |LogHandler.java:65 |cn.antigenmhc.otaku.service.base.handler.LogHandler |远程地址: 127.0.0.1
2021-02-05 23:56:04 |INFO  |http-nio-8160-exec-3 |LogHandler.java:62 |cn.antigenmhc.otaku.service.base.handler.LogHandler |------------- 【GET】查询开始 -------------
2021-02-05 23:56:04 |INFO  |http-nio-8160-exec-3 |LogHandler.java:63 |cn.antigenmhc.otaku.service.base.handler.LogHandler |请求地址: http://localhost:8160/api/site/ad/list/1 GET
2021-02-05 23:56:04 |INFO  |http-nio-8160-exec-3 |LogHandler.java:64 |cn.antigenmhc.otaku.service.base.handler.LogHandler |类名方法: cn.antigenmhc.otaku.service.cms.controller.site_api.ApiAdController.getListByTypeId
2021-02-05 23:56:04 |INFO  |http-nio-8160-exec-3 |LogHandler.java:65 |cn.antigenmhc.otaku.service.base.handler.LogHandler |远程地址: 127.0.0.1
2021-02-05 23:56:35 |INFO  |http-nio-8160-exec-4 |LogHandler.java:62 |cn.antigenmhc.otaku.service.base.handler.LogHandler |------------- 【GET】查询开始 -------------
2021-02-05 23:56:35 |INFO  |http-nio-8160-exec-4 |LogHandler.java:63 |cn.antigenmhc.otaku.service.base.handler.LogHandler |请求地址: http://localhost:8160/api/site/ad/list/1 GET
2021-02-05 23:56:35 |INFO  |http-nio-8160-exec-4 |LogHandler.java:64 |cn.antigenmhc.otaku.service.base.handler.LogHandler |类名方法: cn.antigenmhc.otaku.service.cms.controller.site_api.ApiAdController.getListByTypeId
2021-02-05 23:56:35 |INFO  |http-nio-8160-exec-4 |LogHandler.java:65 |cn.antigenmhc.otaku.service.base.handler.LogHandler |远程地址: 127.0.0.1
2021-02-05 23:57:48 |INFO  |http-nio-8160-exec-7 |LogHandler.java:62 |cn.antigenmhc.otaku.service.base.handler.LogHandler |------------- 【GET】查询开始 -------------
2021-02-05 23:57:48 |INFO  |http-nio-8160-exec-7 |LogHandler.java:63 |cn.antigenmhc.otaku.service.base.handler.LogHandler |请求地址: http://localhost:8160/api/site/ad/list/1 GET
2021-02-05 23:57:48 |INFO  |http-nio-8160-exec-7 |LogHandler.java:64 |cn.antigenmhc.otaku.service.base.handler.LogHandler |类名方法: cn.antigenmhc.otaku.service.cms.controller.site_api.ApiAdController.getListByTypeId
2021-02-05 23:57:48 |INFO  |http-nio-8160-exec-7 |LogHandler.java:65 |cn.antigenmhc.otaku.service.base.handler.LogHandler |远程地址: 127.0.0.1
2021-02-05 23:58:09 |INFO  |http-nio-8160-exec-8 |LogHandler.java:62 |cn.antigenmhc.otaku.service.base.handler.LogHandler |------------- 【GET】查询开始 -------------
2021-02-05 23:58:09 |INFO  |http-nio-8160-exec-8 |LogHandler.java:63 |cn.antigenmhc.otaku.service.base.handler.LogHandler |请求地址: http://localhost:8160/api/site/ad/list/1 GET
2021-02-05 23:58:09 |INFO  |http-nio-8160-exec-8 |LogHandler.java:64 |cn.antigenmhc.otaku.service.base.handler.LogHandler |类名方法: cn.antigenmhc.otaku.service.cms.controller.site_api.ApiAdController.getListByTypeId
2021-02-05 23:58:09 |INFO  |http-nio-8160-exec-8 |LogHandler.java:65 |cn.antigenmhc.otaku.service.base.handler.LogHandler |远程地址: 127.0.0.1
2021-02-05 23:58:10 |INFO  |http-nio-8160-exec-10 |LogHandler.java:62 |cn.antigenmhc.otaku.service.base.handler.LogHandler |------------- 【GET】查询开始 -------------
2021-02-05 23:58:10 |INFO  |http-nio-8160-exec-10 |LogHandler.java:63 |cn.antigenmhc.otaku.service.base.handler.LogHandler |请求地址: http://localhost:8160/api/site/ad/list/1 GET
2021-02-05 23:58:10 |INFO  |http-nio-8160-exec-10 |LogHandler.java:64 |cn.antigenmhc.otaku.service.base.handler.LogHandler |类名方法: cn.antigenmhc.otaku.service.cms.controller.site_api.ApiAdController.getListByTypeId
2021-02-05 23:58:10 |INFO  |http-nio-8160-exec-10 |LogHandler.java:65 |cn.antigenmhc.otaku.service.base.handler.LogHandler |远程地址: 127.0.0.1
2021-02-06 00:06:12 |INFO  |main |SpringApplication.java:655 |cn.antigenmhc.otaku.service.cms.CmsApplication |The following profiles are active: dev
2021-02-06 00:06:16 |INFO  |main |RepositoryConfigurationDelegate.java:249 |org.springframework.data.repository.config.RepositoryConfigurationDelegate |Multiple Spring Data modules found, entering strict repository configuration mode!
2021-02-06 00:06:16 |INFO  |main |RepositoryConfigurationDelegate.java:127 |org.springframework.data.repository.config.RepositoryConfigurationDelegate |Bootstrapping Spring Data Redis repositories in DEFAULT mode.
2021-02-06 00:06:16 |INFO  |main |RepositoryConfigurationDelegate.java:187 |org.springframework.data.repository.config.RepositoryConfigurationDelegate |Finished Spring Data repository scanning in 26ms. Found 0 Redis repository interfaces.
2021-02-06 00:06:17 |INFO  |main |GenericScope.java:295 |org.springframework.cloud.context.scope.GenericScope |BeanFactory id=74669e43-8df3-308f-bf32-bba98c1a947a
2021-02-06 00:06:18 |INFO  |main |PostProcessorRegistrationDelegate.java:330 |org.springframework.context.support.PostProcessorRegistrationDelegate$BeanPostProcessorChecker |Bean 'org.springframework.transaction.annotation.ProxyTransactionManagementConfiguration' of type [org.springframework.transaction.annotation.ProxyTransactionManagementConfiguration] is not eligible for getting processed by all BeanPostProcessors (for example: not eligible for auto-proxying)
2021-02-06 00:06:19 |INFO  |main |PostProcessorRegistrationDelegate.java:330 |org.springframework.context.support.PostProcessorRegistrationDelegate$BeanPostProcessorChecker |Bean 'spring.cloud.sentinel-com.alibaba.cloud.sentinel.SentinelProperties' of type [com.alibaba.cloud.sentinel.SentinelProperties] is not eligible for getting processed by all BeanPostProcessors (for example: not eligible for auto-proxying)
2021-02-06 00:06:19 |INFO  |main |PostProcessorRegistrationDelegate.java:330 |org.springframework.context.support.PostProcessorRegistrationDelegate$BeanPostProcessorChecker |Bean 'com.alibaba.cloud.sentinel.custom.SentinelAutoConfiguration' of type [com.alibaba.cloud.sentinel.custom.SentinelAutoConfiguration$$EnhancerBySpringCGLIB$$dd1a1f70] is not eligible for getting processed by all BeanPostProcessors (for example: not eligible for auto-proxying)
2021-02-06 00:06:20 |INFO  |main |TomcatWebServer.java:92 |org.springframework.boot.web.embedded.tomcat.TomcatWebServer |Tomcat initialized with port(s): 8160 (http)
2021-02-06 00:06:20 |INFO  |main |DirectJDKLog.java:173 |org.apache.coyote.http11.Http11NioProtocol |Initializing ProtocolHandler ["http-nio-8160"]
2021-02-06 00:06:20 |INFO  |main |DirectJDKLog.java:173 |org.apache.catalina.core.StandardService |Starting service [Tomcat]
2021-02-06 00:06:20 |INFO  |main |DirectJDKLog.java:173 |org.apache.catalina.core.StandardEngine |Starting Servlet engine: [Apache Tomcat/9.0.29]
2021-02-06 00:06:21 |INFO  |main |DirectJDKLog.java:173 |org.apache.catalina.core.ContainerBase.[Tomcat].[localhost].[/] |Initializing Spring embedded WebApplicationContext
2021-02-06 00:06:21 |INFO  |main |ServletWebServerApplicationContext.java:284 |org.springframework.web.context.ContextLoader |Root WebApplicationContext: initialization completed in 8490 ms
2021-02-06 00:06:21 |INFO  |main |SentinelWebAutoConfiguration.java:96 |com.alibaba.cloud.sentinel.SentinelWebAutoConfiguration |[Sentinel Starter] register Sentinel CommonFilter with urlPatterns: [/*].
2021-02-06 00:06:45 |INFO  |main |PropertySourcedRequestMappingHandlerMapping.java:69 |springfox.documentation.spring.web.PropertySourcedRequestMappingHandlerMapping |Mapped URL path [/v2/api-docs] onto method [springfox.documentation.swagger2.web.Swagger2Controller#getDocumentation(String, HttpServletRequest)]
2021-02-06 00:06:45 |INFO  |main |URLConfigurationSource.java:122 |com.netflix.config.sources.URLConfigurationSource |To enable URLs as dynamic configuration sources, define System property archaius.configurationSource.additionalUrls or make config.properties available on classpath.
2021-02-06 00:06:45 |INFO  |main |URLConfigurationSource.java:122 |com.netflix.config.sources.URLConfigurationSource |To enable URLs as dynamic configuration sources, define System property archaius.configurationSource.additionalUrls or make config.properties available on classpath.
2021-02-06 00:06:46 |INFO  |main |ExecutorConfigurationSupport.java:171 |org.springframework.scheduling.concurrent.ThreadPoolTaskExecutor |Initializing ExecutorService 'applicationTaskExecutor'
2021-02-06 00:07:10 |INFO  |main |ExecutorConfigurationSupport.java:171 |org.springframework.scheduling.concurrent.ThreadPoolTaskScheduler |Initializing ExecutorService
2021-02-06 00:07:59 |INFO  |main |DocumentationPluginsBootstrapper.java:151 |springfox.documentation.spring.web.plugins.DocumentationPluginsBootstrapper |Context refreshed
2021-02-06 00:07:59 |INFO  |main |DocumentationPluginsBootstrapper.java:154 |springfox.documentation.spring.web.plugins.DocumentationPluginsBootstrapper |Found 8 custom documentation plugin(s)
2021-02-06 00:07:59 |INFO  |main |ApiListingReferenceScanner.java:41 |springfox.documentation.spring.web.scanners.ApiListingReferenceScanner |Scanning for api listing references
2021-02-06 00:07:59 |INFO  |main |ApiListingReferenceScanner.java:41 |springfox.documentation.spring.web.scanners.ApiListingReferenceScanner |Scanning for api listing references
2021-02-06 00:08:00 |INFO  |main |CachingOperationNameGenerator.java:40 |springfox.documentation.spring.web.readers.operation.CachingOperationNameGenerator |Generating unique operation named: getByIdUsingGET_1
2021-02-06 00:08:00 |INFO  |main |CachingOperationNameGenerator.java:40 |springfox.documentation.spring.web.readers.operation.CachingOperationNameGenerator |Generating unique operation named: listPageUsingGET_1
2021-02-06 00:08:00 |INFO  |main |CachingOperationNameGenerator.java:40 |springfox.documentation.spring.web.readers.operation.CachingOperationNameGenerator |Generating unique operation named: removeByIdUsingDELETE_1
2021-02-06 00:08:00 |INFO  |main |CachingOperationNameGenerator.java:40 |springfox.documentation.spring.web.readers.operation.CachingOperationNameGenerator |Generating unique operation named: saveUsingPOST_1
2021-02-06 00:08:00 |INFO  |main |CachingOperationNameGenerator.java:40 |springfox.documentation.spring.web.readers.operation.CachingOperationNameGenerator |Generating unique operation named: updateByIdUsingPUT_1
2021-02-06 00:08:00 |INFO  |main |ApiListingReferenceScanner.java:41 |springfox.documentation.spring.web.scanners.ApiListingReferenceScanner |Scanning for api listing references
2021-02-06 00:08:00 |INFO  |main |ApiListingReferenceScanner.java:41 |springfox.documentation.spring.web.scanners.ApiListingReferenceScanner |Scanning for api listing references
2021-02-06 00:08:00 |INFO  |main |ApiListingReferenceScanner.java:41 |springfox.documentation.spring.web.scanners.ApiListingReferenceScanner |Scanning for api listing references
2021-02-06 00:08:00 |INFO  |main |ApiListingReferenceScanner.java:41 |springfox.documentation.spring.web.scanners.ApiListingReferenceScanner |Scanning for api listing references
2021-02-06 00:08:00 |INFO  |main |ApiListingReferenceScanner.java:41 |springfox.documentation.spring.web.scanners.ApiListingReferenceScanner |Scanning for api listing references
2021-02-06 00:08:00 |INFO  |main |ApiListingReferenceScanner.java:41 |springfox.documentation.spring.web.scanners.ApiListingReferenceScanner |Scanning for api listing references
2021-02-06 00:08:00 |INFO  |main |DirectJDKLog.java:173 |org.apache.coyote.http11.Http11NioProtocol |Starting ProtocolHandler ["http-nio-8160"]
2021-02-06 00:08:00 |INFO  |main |TomcatWebServer.java:204 |org.springframework.boot.web.embedded.tomcat.TomcatWebServer |Tomcat started on port(s): 8160 (http) with context path ''
2021-02-06 00:08:00 |INFO  |main |NacosServiceRegistry.java:62 |com.alibaba.cloud.nacos.registry.NacosServiceRegistry |nacos registry, service-cms 192.168.211.193:8160 register finished
2021-02-06 00:08:26 |INFO  |main |StartupInfoLogger.java:61 |cn.antigenmhc.otaku.service.cms.CmsApplication |Started CmsApplication in 169.729 seconds (JVM running for 176.469)
2021-02-06 00:36:18 |INFO  |http-nio-8160-exec-3 |DirectJDKLog.java:173 |org.apache.catalina.core.ContainerBase.[Tomcat].[localhost].[/] |Initializing Spring DispatcherServlet 'dispatcherServlet'
2021-02-06 00:36:18 |INFO  |http-nio-8160-exec-3 |FrameworkServlet.java:525 |org.springframework.web.servlet.DispatcherServlet |Initializing Servlet 'dispatcherServlet'
2021-02-06 00:36:18 |INFO  |http-nio-8160-exec-3 |FrameworkServlet.java:547 |org.springframework.web.servlet.DispatcherServlet |Completed initialization in 11 ms
2021-02-06 00:36:18 |INFO  |http-nio-8160-exec-3 |LogHandler.java:62 |cn.antigenmhc.otaku.service.base.handler.LogHandler |------------- 【GET】查询开始 -------------
2021-02-06 00:36:18 |INFO  |http-nio-8160-exec-3 |LogHandler.java:63 |cn.antigenmhc.otaku.service.base.handler.LogHandler |请求地址: http://192.168.211.193:8160/api/site/ad/list/1 GET
2021-02-06 00:36:18 |INFO  |http-nio-8160-exec-3 |LogHandler.java:64 |cn.antigenmhc.otaku.service.base.handler.LogHandler |类名方法: cn.antigenmhc.otaku.service.cms.controller.site_api.ApiAdController.getListByTypeId
2021-02-06 00:36:18 |INFO  |http-nio-8160-exec-3 |LogHandler.java:65 |cn.antigenmhc.otaku.service.base.handler.LogHandler |远程地址: 192.168.211.193
2021-02-06 00:36:18 |INFO  |http-nio-8160-exec-3 |EpollProvider.java:68 |io.lettuce.core.EpollProvider |Starting without optional epoll library
2021-02-06 00:36:18 |INFO  |http-nio-8160-exec-3 |KqueueProvider.java:70 |io.lettuce.core.KqueueProvider |Starting without optional kqueue library
2021-02-06 00:36:25 |INFO  |http-nio-8160-exec-3 |HikariDataSource.java:110 |com.zaxxer.hikari.HikariDataSource |HikariPool-1 - Starting...
2021-02-06 00:36:25 |INFO  |http-nio-8160-exec-3 |HikariDataSource.java:123 |com.zaxxer.hikari.HikariDataSource |HikariPool-1 - Start completed.
2021-02-06 00:36:39 |INFO  |http-nio-8160-exec-4 |LogHandler.java:62 |cn.antigenmhc.otaku.service.base.handler.LogHandler |------------- 【GET】查询开始 -------------
2021-02-06 00:36:39 |INFO  |http-nio-8160-exec-4 |LogHandler.java:63 |cn.antigenmhc.otaku.service.base.handler.LogHandler |请求地址: http://192.168.211.193:8160/api/site/ad/list/1 GET
2021-02-06 00:36:39 |INFO  |http-nio-8160-exec-4 |LogHandler.java:64 |cn.antigenmhc.otaku.service.base.handler.LogHandler |类名方法: cn.antigenmhc.otaku.service.cms.controller.site_api.ApiAdController.getListByTypeId
2021-02-06 00:36:39 |INFO  |http-nio-8160-exec-4 |LogHandler.java:65 |cn.antigenmhc.otaku.service.base.handler.LogHandler |远程地址: 192.168.211.193
2021-02-06 00:36:55 |INFO  |http-nio-8160-exec-7 |LogHandler.java:62 |cn.antigenmhc.otaku.service.base.handler.LogHandler |------------- 【GET】查询开始 -------------
2021-02-06 00:36:55 |INFO  |http-nio-8160-exec-7 |LogHandler.java:63 |cn.antigenmhc.otaku.service.base.handler.LogHandler |请求地址: http://192.168.211.193:8160/api/site/ad/list/1 GET
2021-02-06 00:36:55 |INFO  |http-nio-8160-exec-7 |LogHandler.java:64 |cn.antigenmhc.otaku.service.base.handler.LogHandler |类名方法: cn.antigenmhc.otaku.service.cms.controller.site_api.ApiAdController.getListByTypeId
2021-02-06 00:36:55 |INFO  |http-nio-8160-exec-7 |LogHandler.java:65 |cn.antigenmhc.otaku.service.base.handler.LogHandler |远程地址: 192.168.211.193
2021-02-06 00:37:11 |INFO  |http-nio-8160-exec-8 |LogHandler.java:62 |cn.antigenmhc.otaku.service.base.handler.LogHandler |------------- 【GET】查询开始 -------------
2021-02-06 00:37:11 |INFO  |http-nio-8160-exec-8 |LogHandler.java:63 |cn.antigenmhc.otaku.service.base.handler.LogHandler |请求地址: http://192.168.211.193:8160/api/site/ad/list/1 GET
2021-02-06 00:37:11 |INFO  |http-nio-8160-exec-8 |LogHandler.java:64 |cn.antigenmhc.otaku.service.base.handler.LogHandler |类名方法: cn.antigenmhc.otaku.service.cms.controller.site_api.ApiAdController.getListByTypeId
2021-02-06 00:37:11 |INFO  |http-nio-8160-exec-8 |LogHandler.java:65 |cn.antigenmhc.otaku.service.base.handler.LogHandler |远程地址: 192.168.211.193
2021-02-06 01:43:00 |INFO  |http-nio-8160-exec-2 |LogHandler.java:62 |cn.antigenmhc.otaku.service.base.handler.LogHandler |------------- 【GET】查询开始 -------------
2021-02-06 01:43:00 |INFO  |http-nio-8160-exec-2 |LogHandler.java:63 |cn.antigenmhc.otaku.service.base.handler.LogHandler |请求地址: http://192.168.211.193:8160/admin/cms/ad/list/1/10 GET
2021-02-06 01:43:00 |INFO  |http-nio-8160-exec-2 |LogHandler.java:64 |cn.antigenmhc.otaku.service.base.handler.LogHandler |类名方法: cn.antigenmhc.otaku.service.cms.controller.admin.AdController.listPage
2021-02-06 01:43:00 |INFO  |http-nio-8160-exec-2 |LogHandler.java:65 |cn.antigenmhc.otaku.service.base.handler.LogHandler |远程地址: 192.168.211.193
2021-02-06 01:43:02 |INFO  |http-nio-8160-exec-10 |LogHandler.java:62 |cn.antigenmhc.otaku.service.base.handler.LogHandler |------------- 【GET】查询开始 -------------
2021-02-06 01:43:02 |INFO  |http-nio-8160-exec-10 |LogHandler.java:63 |cn.antigenmhc.otaku.service.base.handler.LogHandler |请求地址: http://192.168.211.193:8160/admin/cms/ad-type/list/1/10 GET
2021-02-06 01:43:02 |INFO  |http-nio-8160-exec-10 |LogHandler.java:64 |cn.antigenmhc.otaku.service.base.handler.LogHandler |类名方法: cn.antigenmhc.otaku.service.cms.controller.admin.AdTypeController.listPage
2021-02-06 01:43:02 |INFO  |http-nio-8160-exec-10 |LogHandler.java:65 |cn.antigenmhc.otaku.service.base.handler.LogHandler |远程地址: 192.168.211.193
2021-02-06 01:54:33 |INFO  |http-nio-8160-exec-6 |LogHandler.java:62 |cn.antigenmhc.otaku.service.base.handler.LogHandler |------------- 【GET】查询开始 -------------
2021-02-06 01:54:33 |INFO  |http-nio-8160-exec-6 |LogHandler.java:63 |cn.antigenmhc.otaku.service.base.handler.LogHandler |请求地址: http://192.168.211.193:8160/api/site/ad/list/1 GET
2021-02-06 01:54:33 |INFO  |http-nio-8160-exec-6 |LogHandler.java:64 |cn.antigenmhc.otaku.service.base.handler.LogHandler |类名方法: cn.antigenmhc.otaku.service.cms.controller.site_api.ApiAdController.getListByTypeId
2021-02-06 01:54:33 |INFO  |http-nio-8160-exec-6 |LogHandler.java:65 |cn.antigenmhc.otaku.service.base.handler.LogHandler |远程地址: 192.168.211.193
2021-02-06 01:57:22 |INFO  |http-nio-8160-exec-3 |LogHandler.java:62 |cn.antigenmhc.otaku.service.base.handler.LogHandler |------------- 【GET】查询开始 -------------
2021-02-06 01:57:22 |INFO  |http-nio-8160-exec-3 |LogHandler.java:63 |cn.antigenmhc.otaku.service.base.handler.LogHandler |请求地址: http://192.168.211.193:8160/api/site/ad/list/1 GET
2021-02-06 01:57:22 |INFO  |http-nio-8160-exec-3 |LogHandler.java:64 |cn.antigenmhc.otaku.service.base.handler.LogHandler |类名方法: cn.antigenmhc.otaku.service.cms.controller.site_api.ApiAdController.getListByTypeId
2021-02-06 01:57:22 |INFO  |http-nio-8160-exec-3 |LogHandler.java:65 |cn.antigenmhc.otaku.service.base.handler.LogHandler |远程地址: 192.168.211.193
2021-02-06 10:22:51 |INFO  |http-nio-8160-exec-7 |LogHandler.java:62 |cn.antigenmhc.otaku.service.base.handler.LogHandler |------------- 【GET】查询开始 -------------
2021-02-06 10:22:51 |INFO  |http-nio-8160-exec-7 |LogHandler.java:63 |cn.antigenmhc.otaku.service.base.handler.LogHandler |请求地址: http://192.168.211.193:8160/api/site/ad/list/1 GET
2021-02-06 10:22:51 |INFO  |http-nio-8160-exec-7 |LogHandler.java:64 |cn.antigenmhc.otaku.service.base.handler.LogHandler |类名方法: cn.antigenmhc.otaku.service.cms.controller.site_api.ApiAdController.getListByTypeId
2021-02-06 10:22:51 |INFO  |http-nio-8160-exec-7 |LogHandler.java:65 |cn.antigenmhc.otaku.service.base.handler.LogHandler |远程地址: 192.168.211.193
2021-02-06 10:23:00 |INFO  |http-nio-8160-exec-8 |LogHandler.java:62 |cn.antigenmhc.otaku.service.base.handler.LogHandler |------------- 【GET】查询开始 -------------
2021-02-06 10:23:00 |INFO  |http-nio-8160-exec-8 |LogHandler.java:63 |cn.antigenmhc.otaku.service.base.handler.LogHandler |请求地址: http://192.168.211.193:8160/api/site/ad/list/1 GET
2021-02-06 10:23:00 |INFO  |http-nio-8160-exec-8 |LogHandler.java:64 |cn.antigenmhc.otaku.service.base.handler.LogHandler |类名方法: cn.antigenmhc.otaku.service.cms.controller.site_api.ApiAdController.getListByTypeId
2021-02-06 10:23:00 |INFO  |http-nio-8160-exec-8 |LogHandler.java:65 |cn.antigenmhc.otaku.service.base.handler.LogHandler |远程地址: 192.168.211.193
2021-02-06 10:26:14 |INFO  |http-nio-8160-exec-2 |LogHandler.java:62 |cn.antigenmhc.otaku.service.base.handler.LogHandler |------------- 【GET】查询开始 -------------
2021-02-06 10:26:14 |INFO  |http-nio-8160-exec-2 |LogHandler.java:63 |cn.antigenmhc.otaku.service.base.handler.LogHandler |请求地址: http://192.168.211.193:8160/api/site/ad/list/1 GET
2021-02-06 10:26:14 |INFO  |http-nio-8160-exec-2 |LogHandler.java:64 |cn.antigenmhc.otaku.service.base.handler.LogHandler |类名方法: cn.antigenmhc.otaku.service.cms.controller.site_api.ApiAdController.getListByTypeId
2021-02-06 10:26:14 |INFO  |http-nio-8160-exec-2 |LogHandler.java:65 |cn.antigenmhc.otaku.service.base.handler.LogHandler |远程地址: 192.168.211.193
2021-02-06 10:26:34 |INFO  |http-nio-8160-exec-10 |LogHandler.java:62 |cn.antigenmhc.otaku.service.base.handler.LogHandler |------------- 【GET】查询开始 -------------
2021-02-06 10:26:34 |INFO  |http-nio-8160-exec-10 |LogHandler.java:63 |cn.antigenmhc.otaku.service.base.handler.LogHandler |请求地址: http://192.168.211.193:8160/api/site/ad/list/1 GET
2021-02-06 10:26:34 |INFO  |http-nio-8160-exec-10 |LogHandler.java:64 |cn.antigenmhc.otaku.service.base.handler.LogHandler |类名方法: cn.antigenmhc.otaku.service.cms.controller.site_api.ApiAdController.getListByTypeId
2021-02-06 10:26:34 |INFO  |http-nio-8160-exec-10 |LogHandler.java:65 |cn.antigenmhc.otaku.service.base.handler.LogHandler |远程地址: 192.168.211.193
2021-02-06 10:30:29 |INFO  |http-nio-8160-exec-6 |LogHandler.java:62 |cn.antigenmhc.otaku.service.base.handler.LogHandler |------------- 【GET】查询开始 -------------
2021-02-06 10:30:29 |INFO  |http-nio-8160-exec-6 |LogHandler.java:63 |cn.antigenmhc.otaku.service.base.handler.LogHandler |请求地址: http://192.168.211.193:8160/admin/cms/ad/list/1/10 GET
2021-02-06 10:30:29 |INFO  |http-nio-8160-exec-6 |LogHandler.java:64 |cn.antigenmhc.otaku.service.base.handler.LogHandler |类名方法: cn.antigenmhc.otaku.service.cms.controller.admin.AdController.listPage
2021-02-06 10:30:29 |INFO  |http-nio-8160-exec-6 |LogHandler.java:65 |cn.antigenmhc.otaku.service.base.handler.LogHandler |远程地址: 192.168.211.193
2021-02-06 10:30:33 |INFO  |http-nio-8160-exec-5 |LogHandler.java:62 |cn.antigenmhc.otaku.service.base.handler.LogHandler |------------- 【GET】查询开始 -------------
2021-02-06 10:30:33 |INFO  |http-nio-8160-exec-5 |LogHandler.java:63 |cn.antigenmhc.otaku.service.base.handler.LogHandler |请求地址: http://192.168.211.193:8160/admin/cms/ad-type/list GET
2021-02-06 10:30:33 |INFO  |http-nio-8160-exec-5 |LogHandler.java:64 |cn.antigenmhc.otaku.service.base.handler.LogHandler |类名方法: cn.antigenmhc.otaku.service.cms.controller.admin.AdTypeController.listAll
2021-02-06 10:30:33 |INFO  |http-nio-8160-exec-5 |LogHandler.java:65 |cn.antigenmhc.otaku.service.base.handler.LogHandler |远程地址: 192.168.211.193
2021-02-06 10:30:51 |INFO  |http-nio-8160-exec-3 |LogHandler.java:62 |cn.antigenmhc.otaku.service.base.handler.LogHandler |------------- 【GET】查询开始 -------------
2021-02-06 10:30:51 |INFO  |http-nio-8160-exec-3 |LogHandler.java:63 |cn.antigenmhc.otaku.service.base.handler.LogHandler |请求地址: http://192.168.211.193:8160/api/site/ad/list/1 GET
2021-02-06 10:30:51 |INFO  |http-nio-8160-exec-3 |LogHandler.java:64 |cn.antigenmhc.otaku.service.base.handler.LogHandler |类名方法: cn.antigenmhc.otaku.service.cms.controller.site_api.ApiAdController.getListByTypeId
2021-02-06 10:30:51 |INFO  |http-nio-8160-exec-3 |LogHandler.java:65 |cn.antigenmhc.otaku.service.base.handler.LogHandler |远程地址: 192.168.211.193
2021-02-06 10:31:47 |INFO  |http-nio-8160-exec-4 |LogHandler.java:62 |cn.antigenmhc.otaku.service.base.handler.LogHandler |------------- 【POST】保存开始 -------------
2021-02-06 10:31:47 |INFO  |http-nio-8160-exec-4 |LogHandler.java:63 |cn.antigenmhc.otaku.service.base.handler.LogHandler |请求地址: http://192.168.211.193:8160/admin/cms/ad/save POST
2021-02-06 10:31:47 |INFO  |http-nio-8160-exec-4 |LogHandler.java:64 |cn.antigenmhc.otaku.service.base.handler.LogHandler |类名方法: cn.antigenmhc.otaku.service.cms.controller.admin.AdController.save
2021-02-06 10:31:47 |INFO  |http-nio-8160-exec-4 |LogHandler.java:65 |cn.antigenmhc.otaku.service.base.handler.LogHandler |远程地址: 192.168.211.193
2021-02-06 10:31:47 |INFO  |http-nio-8160-exec-7 |LogHandler.java:62 |cn.antigenmhc.otaku.service.base.handler.LogHandler |------------- 【GET】查询开始 -------------
2021-02-06 10:31:47 |INFO  |http-nio-8160-exec-7 |LogHandler.java:63 |cn.antigenmhc.otaku.service.base.handler.LogHandler |请求地址: http://192.168.211.193:8160/admin/cms/ad/list/1/10 GET
2021-02-06 10:31:47 |INFO  |http-nio-8160-exec-7 |LogHandler.java:64 |cn.antigenmhc.otaku.service.base.handler.LogHandler |类名方法: cn.antigenmhc.otaku.service.cms.controller.admin.AdController.listPage
2021-02-06 10:31:47 |INFO  |http-nio-8160-exec-7 |LogHandler.java:65 |cn.antigenmhc.otaku.service.base.handler.LogHandler |远程地址: 192.168.211.193
2021-02-06 10:31:52 |INFO  |http-nio-8160-exec-8 |LogHandler.java:62 |cn.antigenmhc.otaku.service.base.handler.LogHandler |------------- 【GET】查询开始 -------------
2021-02-06 10:31:52 |INFO  |http-nio-8160-exec-8 |LogHandler.java:63 |cn.antigenmhc.otaku.service.base.handler.LogHandler |请求地址: http://192.168.211.193:8160/api/site/ad/list/1 GET
2021-02-06 10:31:52 |INFO  |http-nio-8160-exec-8 |LogHandler.java:64 |cn.antigenmhc.otaku.service.base.handler.LogHandler |类名方法: cn.antigenmhc.otaku.service.cms.controller.site_api.ApiAdController.getListByTypeId
2021-02-06 10:31:52 |INFO  |http-nio-8160-exec-8 |LogHandler.java:65 |cn.antigenmhc.otaku.service.base.handler.LogHandler |远程地址: 192.168.211.193
2021-02-06 10:32:04 |INFO  |http-nio-8160-exec-1 |LogHandler.java:62 |cn.antigenmhc.otaku.service.base.handler.LogHandler |------------- 【GET】查询开始 -------------
2021-02-06 10:32:04 |INFO  |http-nio-8160-exec-1 |LogHandler.java:63 |cn.antigenmhc.otaku.service.base.handler.LogHandler |请求地址: http://192.168.211.193:8160/admin/cms/ad-type/list/1/10 GET
2021-02-06 10:32:04 |INFO  |http-nio-8160-exec-1 |LogHandler.java:64 |cn.antigenmhc.otaku.service.base.handler.LogHandler |类名方法: cn.antigenmhc.otaku.service.cms.controller.admin.AdTypeController.listPage
2021-02-06 10:32:04 |INFO  |http-nio-8160-exec-1 |LogHandler.java:65 |cn.antigenmhc.otaku.service.base.handler.LogHandler |远程地址: 192.168.211.193
2021-02-06 10:32:07 |INFO  |http-nio-8160-exec-2 |LogHandler.java:62 |cn.antigenmhc.otaku.service.base.handler.LogHandler |------------- 【GET】查询开始 -------------
2021-02-06 10:32:07 |INFO  |http-nio-8160-exec-2 |LogHandler.java:63 |cn.antigenmhc.otaku.service.base.handler.LogHandler |请求地址: http://192.168.211.193:8160/admin/cms/ad/list/1/10 GET
2021-02-06 10:32:07 |INFO  |http-nio-8160-exec-2 |LogHandler.java:64 |cn.antigenmhc.otaku.service.base.handler.LogHandler |类名方法: cn.antigenmhc.otaku.service.cms.controller.admin.AdController.listPage
2021-02-06 10:32:07 |INFO  |http-nio-8160-exec-2 |LogHandler.java:65 |cn.antigenmhc.otaku.service.base.handler.LogHandler |远程地址: 192.168.211.193
2021-02-06 10:32:09 |INFO  |http-nio-8160-exec-10 |LogHandler.java:62 |cn.antigenmhc.otaku.service.base.handler.LogHandler |------------- 【GET】查询开始 -------------
2021-02-06 10:32:09 |INFO  |http-nio-8160-exec-10 |LogHandler.java:63 |cn.antigenmhc.otaku.service.base.handler.LogHandler |请求地址: http://192.168.211.193:8160/admin/cms/ad-type/list GET
2021-02-06 10:32:09 |INFO  |http-nio-8160-exec-10 |LogHandler.java:64 |cn.antigenmhc.otaku.service.base.handler.LogHandler |类名方法: cn.antigenmhc.otaku.service.cms.controller.admin.AdTypeController.listAll
2021-02-06 10:32:09 |INFO  |http-nio-8160-exec-10 |LogHandler.java:65 |cn.antigenmhc.otaku.service.base.handler.LogHandler |远程地址: 192.168.211.193
2021-02-06 10:32:14 |INFO  |http-nio-8160-exec-9 |LogHandler.java:62 |cn.antigenmhc.otaku.service.base.handler.LogHandler |------------- 【GET】查询开始 -------------
2021-02-06 10:32:14 |INFO  |http-nio-8160-exec-9 |LogHandler.java:63 |cn.antigenmhc.otaku.service.base.handler.LogHandler |请求地址: http://192.168.211.193:8160/admin/cms/ad-type/list/1/10 GET
2021-02-06 10:32:14 |INFO  |http-nio-8160-exec-9 |LogHandler.java:64 |cn.antigenmhc.otaku.service.base.handler.LogHandler |类名方法: cn.antigenmhc.otaku.service.cms.controller.admin.AdTypeController.listPage
2021-02-06 10:32:14 |INFO  |http-nio-8160-exec-9 |LogHandler.java:65 |cn.antigenmhc.otaku.service.base.handler.LogHandler |远程地址: 192.168.211.193
2021-02-06 10:35:05 |INFO  |http-nio-8160-exec-5 |LogHandler.java:62 |cn.antigenmhc.otaku.service.base.handler.LogHandler |------------- 【GET】查询开始 -------------
2021-02-06 10:35:05 |INFO  |http-nio-8160-exec-5 |LogHandler.java:63 |cn.antigenmhc.otaku.service.base.handler.LogHandler |请求地址: http://192.168.211.193:8160/api/site/ad/list/1 GET
2021-02-06 10:35:05 |INFO  |http-nio-8160-exec-5 |LogHandler.java:64 |cn.antigenmhc.otaku.service.base.handler.LogHandler |类名方法: cn.antigenmhc.otaku.service.cms.controller.site_api.ApiAdController.getListByTypeId
2021-02-06 10:35:05 |INFO  |http-nio-8160-exec-5 |LogHandler.java:65 |cn.antigenmhc.otaku.service.base.handler.LogHandler |远程地址: 192.168.211.193
2021-02-06 10:37:11 |INFO  |main |SpringApplication.java:655 |cn.antigenmhc.otaku.service.cms.CmsApplication |The following profiles are active: dev
2021-02-06 10:37:11 |INFO  |main |RepositoryConfigurationDelegate.java:249 |org.springframework.data.repository.config.RepositoryConfigurationDelegate |Multiple Spring Data modules found, entering strict repository configuration mode!
2021-02-06 10:37:11 |INFO  |main |RepositoryConfigurationDelegate.java:127 |org.springframework.data.repository.config.RepositoryConfigurationDelegate |Bootstrapping Spring Data Redis repositories in DEFAULT mode.
2021-02-06 10:37:11 |INFO  |main |RepositoryConfigurationDelegate.java:187 |org.springframework.data.repository.config.RepositoryConfigurationDelegate |Finished Spring Data repository scanning in 9ms. Found 0 Redis repository interfaces.
2021-02-06 10:37:12 |INFO  |main |GenericScope.java:295 |org.springframework.cloud.context.scope.GenericScope |BeanFactory id=aff665e8-a5a1-38f2-b917-56d8b2d09aa8
2021-02-06 10:37:12 |INFO  |main |PostProcessorRegistrationDelegate.java:330 |org.springframework.context.support.PostProcessorRegistrationDelegate$BeanPostProcessorChecker |Bean 'org.springframework.transaction.annotation.ProxyTransactionManagementConfiguration' of type [org.springframework.transaction.annotation.ProxyTransactionManagementConfiguration] is not eligible for getting processed by all BeanPostProcessors (for example: not eligible for auto-proxying)
2021-02-06 10:37:12 |INFO  |main |PostProcessorRegistrationDelegate.java:330 |org.springframework.context.support.PostProcessorRegistrationDelegate$BeanPostProcessorChecker |Bean 'spring.cloud.sentinel-com.alibaba.cloud.sentinel.SentinelProperties' of type [com.alibaba.cloud.sentinel.SentinelProperties] is not eligible for getting processed by all BeanPostProcessors (for example: not eligible for auto-proxying)
2021-02-06 10:37:12 |INFO  |main |PostProcessorRegistrationDelegate.java:330 |org.springframework.context.support.PostProcessorRegistrationDelegate$BeanPostProcessorChecker |Bean 'com.alibaba.cloud.sentinel.custom.SentinelAutoConfiguration' of type [com.alibaba.cloud.sentinel.custom.SentinelAutoConfiguration$$EnhancerBySpringCGLIB$$fa253170] is not eligible for getting processed by all BeanPostProcessors (for example: not eligible for auto-proxying)
2021-02-06 10:37:12 |INFO  |main |TomcatWebServer.java:92 |org.springframework.boot.web.embedded.tomcat.TomcatWebServer |Tomcat initialized with port(s): 8160 (http)
2021-02-06 10:37:12 |INFO  |main |DirectJDKLog.java:173 |org.apache.coyote.http11.Http11NioProtocol |Initializing ProtocolHandler ["http-nio-8160"]
2021-02-06 10:37:12 |INFO  |main |DirectJDKLog.java:173 |org.apache.catalina.core.StandardService |Starting service [Tomcat]
2021-02-06 10:37:12 |INFO  |main |DirectJDKLog.java:173 |org.apache.catalina.core.StandardEngine |Starting Servlet engine: [Apache Tomcat/9.0.29]
2021-02-06 10:37:12 |INFO  |main |DirectJDKLog.java:173 |org.apache.catalina.core.ContainerBase.[Tomcat].[localhost].[/] |Initializing Spring embedded WebApplicationContext
2021-02-06 10:37:12 |INFO  |main |ServletWebServerApplicationContext.java:284 |org.springframework.web.context.ContextLoader |Root WebApplicationContext: initialization completed in 1658 ms
2021-02-06 10:37:12 |INFO  |main |SentinelWebAutoConfiguration.java:96 |com.alibaba.cloud.sentinel.SentinelWebAutoConfiguration |[Sentinel Starter] register Sentinel CommonFilter with urlPatterns: [/*].
2021-02-06 10:37:18 |INFO  |main |PropertySourcedRequestMappingHandlerMapping.java:69 |springfox.documentation.spring.web.PropertySourcedRequestMappingHandlerMapping |Mapped URL path [/v2/api-docs] onto method [springfox.documentation.swagger2.web.Swagger2Controller#getDocumentation(String, HttpServletRequest)]
2021-02-06 10:37:18 |INFO  |main |URLConfigurationSource.java:122 |com.netflix.config.sources.URLConfigurationSource |To enable URLs as dynamic configuration sources, define System property archaius.configurationSource.additionalUrls or make config.properties available on classpath.
2021-02-06 10:37:18 |INFO  |main |URLConfigurationSource.java:122 |com.netflix.config.sources.URLConfigurationSource |To enable URLs as dynamic configuration sources, define System property archaius.configurationSource.additionalUrls or make config.properties available on classpath.
2021-02-06 10:37:18 |INFO  |main |ExecutorConfigurationSupport.java:171 |org.springframework.scheduling.concurrent.ThreadPoolTaskExecutor |Initializing ExecutorService 'applicationTaskExecutor'
2021-02-06 10:37:22 |INFO  |main |ExecutorConfigurationSupport.java:171 |org.springframework.scheduling.concurrent.ThreadPoolTaskScheduler |Initializing ExecutorService
2021-02-06 10:37:32 |INFO  |main |DocumentationPluginsBootstrapper.java:151 |springfox.documentation.spring.web.plugins.DocumentationPluginsBootstrapper |Context refreshed
2021-02-06 10:37:32 |INFO  |main |DocumentationPluginsBootstrapper.java:154 |springfox.documentation.spring.web.plugins.DocumentationPluginsBootstrapper |Found 8 custom documentation plugin(s)
2021-02-06 10:37:32 |INFO  |main |ApiListingReferenceScanner.java:41 |springfox.documentation.spring.web.scanners.ApiListingReferenceScanner |Scanning for api listing references
2021-02-06 10:37:32 |INFO  |main |ApiListingReferenceScanner.java:41 |springfox.documentation.spring.web.scanners.ApiListingReferenceScanner |Scanning for api listing references
2021-02-06 10:37:32 |INFO  |main |CachingOperationNameGenerator.java:40 |springfox.documentation.spring.web.readers.operation.CachingOperationNameGenerator |Generating unique operation named: getByIdUsingGET_1
2021-02-06 10:37:32 |INFO  |main |CachingOperationNameGenerator.java:40 |springfox.documentation.spring.web.readers.operation.CachingOperationNameGenerator |Generating unique operation named: listPageUsingGET_1
2021-02-06 10:37:32 |INFO  |main |CachingOperationNameGenerator.java:40 |springfox.documentation.spring.web.readers.operation.CachingOperationNameGenerator |Generating unique operation named: removeByIdUsingDELETE_1
2021-02-06 10:37:32 |INFO  |main |CachingOperationNameGenerator.java:40 |springfox.documentation.spring.web.readers.operation.CachingOperationNameGenerator |Generating unique operation named: saveUsingPOST_1
2021-02-06 10:37:32 |INFO  |main |CachingOperationNameGenerator.java:40 |springfox.documentation.spring.web.readers.operation.CachingOperationNameGenerator |Generating unique operation named: updateByIdUsingPUT_1
2021-02-06 10:37:32 |INFO  |main |ApiListingReferenceScanner.java:41 |springfox.documentation.spring.web.scanners.ApiListingReferenceScanner |Scanning for api listing references
2021-02-06 10:37:32 |INFO  |main |ApiListingReferenceScanner.java:41 |springfox.documentation.spring.web.scanners.ApiListingReferenceScanner |Scanning for api listing references
2021-02-06 10:37:32 |INFO  |main |ApiListingReferenceScanner.java:41 |springfox.documentation.spring.web.scanners.ApiListingReferenceScanner |Scanning for api listing references
2021-02-06 10:37:32 |INFO  |main |ApiListingReferenceScanner.java:41 |springfox.documentation.spring.web.scanners.ApiListingReferenceScanner |Scanning for api listing references
2021-02-06 10:37:32 |INFO  |main |ApiListingReferenceScanner.java:41 |springfox.documentation.spring.web.scanners.ApiListingReferenceScanner |Scanning for api listing references
2021-02-06 10:37:32 |INFO  |main |ApiListingReferenceScanner.java:41 |springfox.documentation.spring.web.scanners.ApiListingReferenceScanner |Scanning for api listing references
2021-02-06 10:37:32 |INFO  |main |DirectJDKLog.java:173 |org.apache.coyote.http11.Http11NioProtocol |Starting ProtocolHandler ["http-nio-8160"]
2021-02-06 10:37:32 |INFO  |main |TomcatWebServer.java:204 |org.springframework.boot.web.embedded.tomcat.TomcatWebServer |Tomcat started on port(s): 8160 (http) with context path ''
2021-02-06 10:37:32 |INFO  |main |NacosServiceRegistry.java:62 |com.alibaba.cloud.nacos.registry.NacosServiceRegistry |nacos registry, service-cms 192.168.211.193:8160 register finished
2021-02-06 10:37:36 |INFO  |main |StartupInfoLogger.java:61 |cn.antigenmhc.otaku.service.cms.CmsApplication |Started CmsApplication in 35.366 seconds (JVM running for 39.36)
2021-02-06 10:56:01 |INFO  |http-nio-8160-exec-1 |DirectJDKLog.java:173 |org.apache.catalina.core.ContainerBase.[Tomcat].[localhost].[/] |Initializing Spring DispatcherServlet 'dispatcherServlet'
2021-02-06 10:56:01 |INFO  |http-nio-8160-exec-1 |FrameworkServlet.java:525 |org.springframework.web.servlet.DispatcherServlet |Initializing Servlet 'dispatcherServlet'
2021-02-06 10:56:01 |INFO  |http-nio-8160-exec-1 |FrameworkServlet.java:547 |org.springframework.web.servlet.DispatcherServlet |Completed initialization in 11 ms
2021-02-06 10:56:02 |INFO  |http-nio-8160-exec-1 |LogHandler.java:62 |cn.antigenmhc.otaku.service.base.handler.LogHandler |------------- 【GET】查询开始 -------------
2021-02-06 10:56:02 |INFO  |http-nio-8160-exec-1 |LogHandler.java:63 |cn.antigenmhc.otaku.service.base.handler.LogHandler |请求地址: http://192.168.211.193:8160/api/site/ad/list/1 GET
2021-02-06 10:56:02 |INFO  |http-nio-8160-exec-1 |LogHandler.java:64 |cn.antigenmhc.otaku.service.base.handler.LogHandler |类名方法: cn.antigenmhc.otaku.service.cms.controller.site_api.ApiAdController.getListByTypeId
2021-02-06 10:56:02 |INFO  |http-nio-8160-exec-1 |LogHandler.java:65 |cn.antigenmhc.otaku.service.base.handler.LogHandler |远程地址: 192.168.211.193
2021-02-06 10:56:02 |INFO  |http-nio-8160-exec-1 |EpollProvider.java:68 |io.lettuce.core.EpollProvider |Starting without optional epoll library
2021-02-06 10:56:02 |INFO  |http-nio-8160-exec-1 |KqueueProvider.java:70 |io.lettuce.core.KqueueProvider |Starting without optional kqueue library
2021-02-06 10:56:07 |INFO  |http-nio-8160-exec-1 |HikariDataSource.java:110 |com.zaxxer.hikari.HikariDataSource |HikariPool-1 - Starting...
2021-02-06 10:56:07 |INFO  |http-nio-8160-exec-1 |HikariDataSource.java:123 |com.zaxxer.hikari.HikariDataSource |HikariPool-1 - Start completed.
2021-02-06 12:08:25 |INFO  |http-nio-8160-exec-3 |LogHandler.java:62 |cn.antigenmhc.otaku.service.base.handler.LogHandler |------------- 【GET】查询开始 -------------
2021-02-06 12:08:25 |INFO  |http-nio-8160-exec-3 |LogHandler.java:63 |cn.antigenmhc.otaku.service.base.handler.LogHandler |请求地址: http://192.168.211.193:8160/api/site/ad/list/1 GET
2021-02-06 12:08:25 |INFO  |http-nio-8160-exec-3 |LogHandler.java:64 |cn.antigenmhc.otaku.service.base.handler.LogHandler |类名方法: cn.antigenmhc.otaku.service.cms.controller.site_api.ApiAdController.getListByTypeId
2021-02-06 12:08:25 |INFO  |http-nio-8160-exec-3 |LogHandler.java:65 |cn.antigenmhc.otaku.service.base.handler.LogHandler |远程地址: 192.168.211.193
2021-02-06 12:09:46 |INFO  |http-nio-8160-exec-5 |LogHandler.java:62 |cn.antigenmhc.otaku.service.base.handler.LogHandler |------------- 【GET】查询开始 -------------
2021-02-06 12:09:46 |INFO  |http-nio-8160-exec-5 |LogHandler.java:63 |cn.antigenmhc.otaku.service.base.handler.LogHandler |请求地址: http://192.168.211.193:8160/api/site/ad/list/1 GET
2021-02-06 12:09:46 |INFO  |http-nio-8160-exec-5 |LogHandler.java:64 |cn.antigenmhc.otaku.service.base.handler.LogHandler |类名方法: cn.antigenmhc.otaku.service.cms.controller.site_api.ApiAdController.getListByTypeId
2021-02-06 12:09:46 |INFO  |http-nio-8160-exec-5 |LogHandler.java:65 |cn.antigenmhc.otaku.service.base.handler.LogHandler |远程地址: 192.168.211.193
2021-02-06 12:09:47 |INFO  |http-nio-8160-exec-6 |LogHandler.java:62 |cn.antigenmhc.otaku.service.base.handler.LogHandler |------------- 【GET】查询开始 -------------
2021-02-06 12:09:47 |INFO  |http-nio-8160-exec-6 |LogHandler.java:63 |cn.antigenmhc.otaku.service.base.handler.LogHandler |请求地址: http://192.168.211.193:8160/api/site/ad/list/1 GET
2021-02-06 12:09:47 |INFO  |http-nio-8160-exec-6 |LogHandler.java:64 |cn.antigenmhc.otaku.service.base.handler.LogHandler |类名方法: cn.antigenmhc.otaku.service.cms.controller.site_api.ApiAdController.getListByTypeId
2021-02-06 12:09:47 |INFO  |http-nio-8160-exec-6 |LogHandler.java:65 |cn.antigenmhc.otaku.service.base.handler.LogHandler |远程地址: 192.168.211.193
2021-02-06 12:12:58 |INFO  |http-nio-8160-exec-9 |LogHandler.java:62 |cn.antigenmhc.otaku.service.base.handler.LogHandler |------------- 【GET】查询开始 -------------
2021-02-06 12:12:58 |INFO  |http-nio-8160-exec-9 |LogHandler.java:63 |cn.antigenmhc.otaku.service.base.handler.LogHandler |请求地址: http://192.168.211.193:8160/api/site/ad/list/1 GET
2021-02-06 12:12:58 |INFO  |http-nio-8160-exec-9 |LogHandler.java:64 |cn.antigenmhc.otaku.service.base.handler.LogHandler |类名方法: cn.antigenmhc.otaku.service.cms.controller.site_api.ApiAdController.getListByTypeId
2021-02-06 12:12:58 |INFO  |http-nio-8160-exec-9 |LogHandler.java:65 |cn.antigenmhc.otaku.service.base.handler.LogHandler |远程地址: 192.168.211.193
2021-02-06 12:14:14 |INFO  |http-nio-8160-exec-10 |LogHandler.java:62 |cn.antigenmhc.otaku.service.base.handler.LogHandler |------------- 【GET】查询开始 -------------
2021-02-06 12:14:14 |INFO  |http-nio-8160-exec-10 |LogHandler.java:63 |cn.antigenmhc.otaku.service.base.handler.LogHandler |请求地址: http://192.168.211.193:8160/api/site/ad/list/1 GET
2021-02-06 12:14:14 |INFO  |http-nio-8160-exec-10 |LogHandler.java:64 |cn.antigenmhc.otaku.service.base.handler.LogHandler |类名方法: cn.antigenmhc.otaku.service.cms.controller.site_api.ApiAdController.getListByTypeId
2021-02-06 12:14:14 |INFO  |http-nio-8160-exec-10 |LogHandler.java:65 |cn.antigenmhc.otaku.service.base.handler.LogHandler |远程地址: 192.168.211.193
2021-02-06 12:14:40 |INFO  |http-nio-8160-exec-1 |LogHandler.java:62 |cn.antigenmhc.otaku.service.base.handler.LogHandler |------------- 【GET】查询开始 -------------
2021-02-06 12:14:40 |INFO  |http-nio-8160-exec-1 |LogHandler.java:63 |cn.antigenmhc.otaku.service.base.handler.LogHandler |请求地址: http://192.168.211.193:8160/api/site/ad/list/1 GET
2021-02-06 12:14:40 |INFO  |http-nio-8160-exec-1 |LogHandler.java:64 |cn.antigenmhc.otaku.service.base.handler.LogHandler |类名方法: cn.antigenmhc.otaku.service.cms.controller.site_api.ApiAdController.getListByTypeId
2021-02-06 12:14:40 |INFO  |http-nio-8160-exec-1 |LogHandler.java:65 |cn.antigenmhc.otaku.service.base.handler.LogHandler |远程地址: 192.168.211.193
2021-02-06 12:33:49 |INFO  |http-nio-8160-exec-3 |LogHandler.java:62 |cn.antigenmhc.otaku.service.base.handler.LogHandler |------------- 【GET】查询开始 -------------
2021-02-06 12:33:49 |INFO  |http-nio-8160-exec-3 |LogHandler.java:63 |cn.antigenmhc.otaku.service.base.handler.LogHandler |请求地址: http://192.168.211.193:8160/api/site/ad/list/1 GET
2021-02-06 12:33:49 |INFO  |http-nio-8160-exec-3 |LogHandler.java:64 |cn.antigenmhc.otaku.service.base.handler.LogHandler |类名方法: cn.antigenmhc.otaku.service.cms.controller.site_api.ApiAdController.getListByTypeId
2021-02-06 12:33:49 |INFO  |http-nio-8160-exec-3 |LogHandler.java:65 |cn.antigenmhc.otaku.service.base.handler.LogHandler |远程地址: 192.168.211.193
2021-02-06 12:55:54 |INFO  |http-nio-8160-exec-5 |LogHandler.java:62 |cn.antigenmhc.otaku.service.base.handler.LogHandler |------------- 【GET】查询开始 -------------
2021-02-06 12:55:54 |INFO  |http-nio-8160-exec-5 |LogHandler.java:63 |cn.antigenmhc.otaku.service.base.handler.LogHandler |请求地址: http://192.168.211.193:8160/api/site/ad/list/1 GET
2021-02-06 12:55:54 |INFO  |http-nio-8160-exec-5 |LogHandler.java:64 |cn.antigenmhc.otaku.service.base.handler.LogHandler |类名方法: cn.antigenmhc.otaku.service.cms.controller.site_api.ApiAdController.getListByTypeId
2021-02-06 12:55:54 |INFO  |http-nio-8160-exec-5 |LogHandler.java:65 |cn.antigenmhc.otaku.service.base.handler.LogHandler |远程地址: 192.168.211.193
2021-02-06 12:56:51 |INFO  |http-nio-8160-exec-6 |LogHandler.java:62 |cn.antigenmhc.otaku.service.base.handler.LogHandler |------------- 【GET】查询开始 -------------
2021-02-06 12:56:51 |INFO  |http-nio-8160-exec-6 |LogHandler.java:63 |cn.antigenmhc.otaku.service.base.handler.LogHandler |请求地址: http://192.168.211.193:8160/api/site/ad/list/1 GET
2021-02-06 12:56:51 |INFO  |http-nio-8160-exec-6 |LogHandler.java:64 |cn.antigenmhc.otaku.service.base.handler.LogHandler |类名方法: cn.antigenmhc.otaku.service.cms.controller.site_api.ApiAdController.getListByTypeId
2021-02-06 12:56:51 |INFO  |http-nio-8160-exec-6 |LogHandler.java:65 |cn.antigenmhc.otaku.service.base.handler.LogHandler |远程地址: 192.168.211.193
2021-02-06 12:57:07 |INFO  |http-nio-8160-exec-7 |LogHandler.java:62 |cn.antigenmhc.otaku.service.base.handler.LogHandler |------------- 【GET】查询开始 -------------
2021-02-06 12:57:07 |INFO  |http-nio-8160-exec-7 |LogHandler.java:63 |cn.antigenmhc.otaku.service.base.handler.LogHandler |请求地址: http://192.168.211.193:8160/api/site/ad/list/1 GET
2021-02-06 12:57:07 |INFO  |http-nio-8160-exec-7 |LogHandler.java:64 |cn.antigenmhc.otaku.service.base.handler.LogHandler |类名方法: cn.antigenmhc.otaku.service.cms.controller.site_api.ApiAdController.getListByTypeId
2021-02-06 12:57:07 |INFO  |http-nio-8160-exec-7 |LogHandler.java:65 |cn.antigenmhc.otaku.service.base.handler.LogHandler |远程地址: 192.168.211.193
2021-02-06 12:57:31 |INFO  |http-nio-8160-exec-9 |LogHandler.java:62 |cn.antigenmhc.otaku.service.base.handler.LogHandler |------------- 【GET】查询开始 -------------
2021-02-06 12:57:31 |INFO  |http-nio-8160-exec-9 |LogHandler.java:63 |cn.antigenmhc.otaku.service.base.handler.LogHandler |请求地址: http://192.168.211.193:8160/api/site/ad/list/1 GET
2021-02-06 12:57:31 |INFO  |http-nio-8160-exec-9 |LogHandler.java:64 |cn.antigenmhc.otaku.service.base.handler.LogHandler |类名方法: cn.antigenmhc.otaku.service.cms.controller.site_api.ApiAdController.getListByTypeId
2021-02-06 12:57:31 |INFO  |http-nio-8160-exec-9 |LogHandler.java:65 |cn.antigenmhc.otaku.service.base.handler.LogHandler |远程地址: 192.168.211.193
