2020-12-10 00:02:38 |INFO  |main |StartupInfoLogger.java:55 |cn.antigenmhc.otaku.service.manager.AdminApplication |Starting AdminApplication on DESKTOP-S1J7VB7 with PID 29716 (D:\er_ci_yuan\service\service_admin\target\classes started by 72349 in D:\er_ci_yuan)
2020-12-10 00:02:38 |INFO  |main |SpringApplication.java:655 |cn.antigenmhc.otaku.service.manager.AdminApplication |The following profiles are active: dev
2020-12-10 00:02:40 |INFO  |main |PostProcessorRegistrationDelegate.java:330 |org.springframework.context.support.PostProcessorRegistrationDelegate$BeanPostProcessorChecker |Bean 'org.springframework.transaction.annotation.ProxyTransactionManagementConfiguration' of type [org.springframework.transaction.annotation.ProxyTransactionManagementConfiguration] is not eligible for getting processed by all BeanPostProcessors (for example: not eligible for auto-proxying)
2020-12-10 00:02:40 |INFO  |main |TomcatWebServer.java:92 |org.springframework.boot.web.embedded.tomcat.TomcatWebServer |Tomcat initialized with port(s): 8081 (http)
2020-12-10 00:02:40 |INFO  |main |DirectJDKLog.java:173 |org.apache.coyote.http11.Http11NioProtocol |Initializing ProtocolHandler ["http-nio-8081"]
2020-12-10 00:02:40 |INFO  |main |DirectJDKLog.java:173 |org.apache.catalina.core.StandardService |Starting service [Tomcat]
2020-12-10 00:02:40 |INFO  |main |DirectJDKLog.java:173 |org.apache.catalina.core.StandardEngine |Starting Servlet engine: [Apache Tomcat/9.0.30]
2020-12-10 00:02:40 |INFO  |main |DirectJDKLog.java:173 |org.apache.catalina.core.ContainerBase.[Tomcat].[localhost].[/] |Initializing Spring embedded WebApplicationContext
2020-12-10 00:02:40 |INFO  |main |ServletWebServerApplicationContext.java:284 |org.springframework.web.context.ContextLoader |Root WebApplicationContext: initialization completed in 2350 ms
2020-12-10 00:02:46 |INFO  |main |WebMvcPropertySourcedRequestMappingHandlerMapping.java:69 |springfox.documentation.spring.web.WebMvcPropertySourcedRequestMappingHandlerMapping |Mapped URL path [/v2/api-docs] onto method [springfox.documentation.swagger2.web.Swagger2ControllerWebMvc#getDocumentation(String, HttpServletRequest)]
2020-12-10 00:02:46 |INFO  |main |ExecutorConfigurationSupport.java:171 |org.springframework.scheduling.concurrent.ThreadPoolTaskExecutor |Initializing ExecutorService 'applicationTaskExecutor'
2020-12-10 00:02:46 |INFO  |main |DocumentationPluginsBootstrapper.java:93 |springfox.documentation.spring.web.plugins.DocumentationPluginsBootstrapper |Documentation plugins bootstrapped
2020-12-10 00:02:46 |INFO  |main |AbstractDocumentationPluginsBootstrapper.java:79 |springfox.documentation.spring.web.plugins.DocumentationPluginsBootstrapper |Found 1 custom documentation plugin(s)
2020-12-10 00:02:46 |INFO  |main |ApiListingReferenceScanner.java:44 |springfox.documentation.spring.web.scanners.ApiListingReferenceScanner |Scanning for api listing references
2020-12-10 00:02:46 |INFO  |main |CachingOperationNameGenerator.java:41 |springfox.documentation.spring.web.readers.operation.CachingOperationNameGenerator |Generating unique operation named: getAllUsingGET_1
2020-12-10 00:02:47 |INFO  |main |DirectJDKLog.java:173 |org.apache.coyote.http11.Http11NioProtocol |Starting ProtocolHandler ["http-nio-8081"]
2020-12-10 00:02:47 |INFO  |main |TomcatWebServer.java:204 |org.springframework.boot.web.embedded.tomcat.TomcatWebServer |Tomcat started on port(s): 8081 (http) with context path ''
2020-12-10 00:02:47 |INFO  |main |StartupInfoLogger.java:61 |cn.antigenmhc.otaku.service.manager.AdminApplication |Started AdminApplication in 9.471 seconds (JVM running for 11.997)
2020-12-10 00:04:30 |INFO  |main |StartupInfoLogger.java:55 |cn.antigenmhc.otaku.service.manager.AdminApplication |Starting AdminApplication on DESKTOP-S1J7VB7 with PID 20120 (D:\er_ci_yuan\service\service_admin\target\classes started by 72349 in D:\er_ci_yuan)
2020-12-10 00:04:30 |INFO  |main |SpringApplication.java:655 |cn.antigenmhc.otaku.service.manager.AdminApplication |The following profiles are active: dev
2020-12-10 00:04:32 |INFO  |main |PostProcessorRegistrationDelegate.java:330 |org.springframework.context.support.PostProcessorRegistrationDelegate$BeanPostProcessorChecker |Bean 'org.springframework.transaction.annotation.ProxyTransactionManagementConfiguration' of type [org.springframework.transaction.annotation.ProxyTransactionManagementConfiguration] is not eligible for getting processed by all BeanPostProcessors (for example: not eligible for auto-proxying)
2020-12-10 00:04:32 |INFO  |main |TomcatWebServer.java:92 |org.springframework.boot.web.embedded.tomcat.TomcatWebServer |Tomcat initialized with port(s): 8081 (http)
2020-12-10 00:04:32 |INFO  |main |DirectJDKLog.java:173 |org.apache.coyote.http11.Http11NioProtocol |Initializing ProtocolHandler ["http-nio-8081"]
2020-12-10 00:04:32 |INFO  |main |DirectJDKLog.java:173 |org.apache.catalina.core.StandardService |Starting service [Tomcat]
2020-12-10 00:04:32 |INFO  |main |DirectJDKLog.java:173 |org.apache.catalina.core.StandardEngine |Starting Servlet engine: [Apache Tomcat/9.0.30]
2020-12-10 00:04:32 |INFO  |main |DirectJDKLog.java:173 |org.apache.catalina.core.ContainerBase.[Tomcat].[localhost].[/] |Initializing Spring embedded WebApplicationContext
2020-12-10 00:04:32 |INFO  |main |ServletWebServerApplicationContext.java:284 |org.springframework.web.context.ContextLoader |Root WebApplicationContext: initialization completed in 1882 ms
2020-12-10 00:04:38 |INFO  |main |WebMvcPropertySourcedRequestMappingHandlerMapping.java:69 |springfox.documentation.spring.web.WebMvcPropertySourcedRequestMappingHandlerMapping |Mapped URL path [/v2/api-docs] onto method [springfox.documentation.swagger2.web.Swagger2ControllerWebMvc#getDocumentation(String, HttpServletRequest)]
2020-12-10 00:04:38 |INFO  |main |ExecutorConfigurationSupport.java:171 |org.springframework.scheduling.concurrent.ThreadPoolTaskExecutor |Initializing ExecutorService 'applicationTaskExecutor'
2020-12-10 00:04:38 |INFO  |main |DocumentationPluginsBootstrapper.java:93 |springfox.documentation.spring.web.plugins.DocumentationPluginsBootstrapper |Documentation plugins bootstrapped
2020-12-10 00:04:38 |INFO  |main |AbstractDocumentationPluginsBootstrapper.java:79 |springfox.documentation.spring.web.plugins.DocumentationPluginsBootstrapper |Found 1 custom documentation plugin(s)
2020-12-10 00:04:38 |INFO  |main |ApiListingReferenceScanner.java:44 |springfox.documentation.spring.web.scanners.ApiListingReferenceScanner |Scanning for api listing references
2020-12-10 00:04:38 |INFO  |main |CachingOperationNameGenerator.java:41 |springfox.documentation.spring.web.readers.operation.CachingOperationNameGenerator |Generating unique operation named: getAllUsingGET_1
2020-12-10 00:04:38 |INFO  |main |DirectJDKLog.java:173 |org.apache.coyote.http11.Http11NioProtocol |Starting ProtocolHandler ["http-nio-8081"]
2020-12-10 00:04:38 |INFO  |main |TomcatWebServer.java:204 |org.springframework.boot.web.embedded.tomcat.TomcatWebServer |Tomcat started on port(s): 8081 (http) with context path ''
2020-12-10 00:04:38 |INFO  |main |StartupInfoLogger.java:61 |cn.antigenmhc.otaku.service.manager.AdminApplication |Started AdminApplication in 8.652 seconds (JVM running for 10.789)
2020-12-10 00:08:16 |INFO  |main |StartupInfoLogger.java:55 |cn.antigenmhc.otaku.service.manager.AdminApplication |Starting AdminApplication on DESKTOP-S1J7VB7 with PID 30700 (D:\er_ci_yuan\service\service_admin\target\classes started by 72349 in D:\er_ci_yuan)
2020-12-10 00:08:16 |INFO  |main |SpringApplication.java:655 |cn.antigenmhc.otaku.service.manager.AdminApplication |The following profiles are active: dev
2020-12-10 00:08:18 |INFO  |main |PostProcessorRegistrationDelegate.java:330 |org.springframework.context.support.PostProcessorRegistrationDelegate$BeanPostProcessorChecker |Bean 'org.springframework.transaction.annotation.ProxyTransactionManagementConfiguration' of type [org.springframework.transaction.annotation.ProxyTransactionManagementConfiguration] is not eligible for getting processed by all BeanPostProcessors (for example: not eligible for auto-proxying)
2020-12-10 00:08:18 |INFO  |main |TomcatWebServer.java:92 |org.springframework.boot.web.embedded.tomcat.TomcatWebServer |Tomcat initialized with port(s): 8081 (http)
2020-12-10 00:08:18 |INFO  |main |DirectJDKLog.java:173 |org.apache.coyote.http11.Http11NioProtocol |Initializing ProtocolHandler ["http-nio-8081"]
2020-12-10 00:08:18 |INFO  |main |DirectJDKLog.java:173 |org.apache.catalina.core.StandardService |Starting service [Tomcat]
2020-12-10 00:08:18 |INFO  |main |DirectJDKLog.java:173 |org.apache.catalina.core.StandardEngine |Starting Servlet engine: [Apache Tomcat/9.0.30]
2020-12-10 00:08:19 |INFO  |main |DirectJDKLog.java:173 |org.apache.catalina.core.ContainerBase.[Tomcat].[localhost].[/] |Initializing Spring embedded WebApplicationContext
2020-12-10 00:08:19 |INFO  |main |ServletWebServerApplicationContext.java:284 |org.springframework.web.context.ContextLoader |Root WebApplicationContext: initialization completed in 2412 ms
2020-12-10 00:08:24 |INFO  |main |WebMvcPropertySourcedRequestMappingHandlerMapping.java:69 |springfox.documentation.spring.web.WebMvcPropertySourcedRequestMappingHandlerMapping |Mapped URL path [/v2/api-docs] onto method [springfox.documentation.swagger2.web.Swagger2ControllerWebMvc#getDocumentation(String, HttpServletRequest)]
2020-12-10 00:08:24 |INFO  |main |ExecutorConfigurationSupport.java:171 |org.springframework.scheduling.concurrent.ThreadPoolTaskExecutor |Initializing ExecutorService 'applicationTaskExecutor'
2020-12-10 00:08:24 |INFO  |main |DocumentationPluginsBootstrapper.java:93 |springfox.documentation.spring.web.plugins.DocumentationPluginsBootstrapper |Documentation plugins bootstrapped
2020-12-10 00:08:24 |INFO  |main |AbstractDocumentationPluginsBootstrapper.java:79 |springfox.documentation.spring.web.plugins.DocumentationPluginsBootstrapper |Found 1 custom documentation plugin(s)
2020-12-10 00:08:24 |INFO  |main |ApiListingReferenceScanner.java:44 |springfox.documentation.spring.web.scanners.ApiListingReferenceScanner |Scanning for api listing references
2020-12-10 00:08:25 |INFO  |main |CachingOperationNameGenerator.java:41 |springfox.documentation.spring.web.readers.operation.CachingOperationNameGenerator |Generating unique operation named: getAllUsingGET_1
2020-12-10 00:08:25 |INFO  |main |DirectJDKLog.java:173 |org.apache.coyote.http11.Http11NioProtocol |Starting ProtocolHandler ["http-nio-8081"]
2020-12-10 00:08:25 |INFO  |main |TomcatWebServer.java:204 |org.springframework.boot.web.embedded.tomcat.TomcatWebServer |Tomcat started on port(s): 8081 (http) with context path ''
2020-12-10 00:08:25 |INFO  |main |StartupInfoLogger.java:61 |cn.antigenmhc.otaku.service.manager.AdminApplication |Started AdminApplication in 9.539 seconds (JVM running for 12.325)
2020-12-10 00:09:40 |INFO  |main |StartupInfoLogger.java:55 |cn.antigenmhc.otaku.service.manager.AdminApplication |Starting AdminApplication on DESKTOP-S1J7VB7 with PID 36912 (D:\er_ci_yuan\service\service_admin\target\classes started by 72349 in D:\er_ci_yuan)
2020-12-10 00:09:40 |INFO  |main |SpringApplication.java:655 |cn.antigenmhc.otaku.service.manager.AdminApplication |The following profiles are active: dev
2020-12-10 00:09:41 |INFO  |main |PostProcessorRegistrationDelegate.java:330 |org.springframework.context.support.PostProcessorRegistrationDelegate$BeanPostProcessorChecker |Bean 'org.springframework.transaction.annotation.ProxyTransactionManagementConfiguration' of type [org.springframework.transaction.annotation.ProxyTransactionManagementConfiguration] is not eligible for getting processed by all BeanPostProcessors (for example: not eligible for auto-proxying)
2020-12-10 00:09:41 |INFO  |main |TomcatWebServer.java:92 |org.springframework.boot.web.embedded.tomcat.TomcatWebServer |Tomcat initialized with port(s): 8081 (http)
2020-12-10 00:09:41 |INFO  |main |DirectJDKLog.java:173 |org.apache.coyote.http11.Http11NioProtocol |Initializing ProtocolHandler ["http-nio-8081"]
2020-12-10 00:09:41 |INFO  |main |DirectJDKLog.java:173 |org.apache.catalina.core.StandardService |Starting service [Tomcat]
2020-12-10 00:09:41 |INFO  |main |DirectJDKLog.java:173 |org.apache.catalina.core.StandardEngine |Starting Servlet engine: [Apache Tomcat/9.0.30]
2020-12-10 00:09:42 |INFO  |main |DirectJDKLog.java:173 |org.apache.catalina.core.ContainerBase.[Tomcat].[localhost].[/] |Initializing Spring embedded WebApplicationContext
2020-12-10 00:09:42 |INFO  |main |ServletWebServerApplicationContext.java:284 |org.springframework.web.context.ContextLoader |Root WebApplicationContext: initialization completed in 1788 ms
2020-12-10 00:09:46 |INFO  |main |WebMvcPropertySourcedRequestMappingHandlerMapping.java:69 |springfox.documentation.spring.web.WebMvcPropertySourcedRequestMappingHandlerMapping |Mapped URL path [/v2/api-docs] onto method [springfox.documentation.swagger2.web.Swagger2ControllerWebMvc#getDocumentation(String, HttpServletRequest)]
2020-12-10 00:09:46 |INFO  |main |ExecutorConfigurationSupport.java:171 |org.springframework.scheduling.concurrent.ThreadPoolTaskExecutor |Initializing ExecutorService 'applicationTaskExecutor'
2020-12-10 00:09:47 |INFO  |main |DocumentationPluginsBootstrapper.java:93 |springfox.documentation.spring.web.plugins.DocumentationPluginsBootstrapper |Documentation plugins bootstrapped
2020-12-10 00:09:47 |INFO  |main |AbstractDocumentationPluginsBootstrapper.java:79 |springfox.documentation.spring.web.plugins.DocumentationPluginsBootstrapper |Found 1 custom documentation plugin(s)
2020-12-10 00:09:47 |INFO  |main |ApiListingReferenceScanner.java:44 |springfox.documentation.spring.web.scanners.ApiListingReferenceScanner |Scanning for api listing references
2020-12-10 00:09:47 |INFO  |main |CachingOperationNameGenerator.java:41 |springfox.documentation.spring.web.readers.operation.CachingOperationNameGenerator |Generating unique operation named: getAllUsingGET_1
2020-12-10 00:09:47 |INFO  |main |DirectJDKLog.java:173 |org.apache.coyote.http11.Http11NioProtocol |Starting ProtocolHandler ["http-nio-8081"]
2020-12-10 00:09:47 |INFO  |main |TomcatWebServer.java:204 |org.springframework.boot.web.embedded.tomcat.TomcatWebServer |Tomcat started on port(s): 8081 (http) with context path ''
2020-12-10 00:09:47 |INFO  |main |StartupInfoLogger.java:61 |cn.antigenmhc.otaku.service.manager.AdminApplication |Started AdminApplication in 7.968 seconds (JVM running for 10.412)
2020-12-10 00:10:08 |INFO  |http-nio-8081-exec-1 |DirectJDKLog.java:173 |org.apache.catalina.core.ContainerBase.[Tomcat].[localhost].[/] |Initializing Spring DispatcherServlet 'dispatcherServlet'
2020-12-10 00:10:08 |INFO  |http-nio-8081-exec-1 |FrameworkServlet.java:525 |org.springframework.web.servlet.DispatcherServlet |Initializing Servlet 'dispatcherServlet'
2020-12-10 00:10:08 |INFO  |http-nio-8081-exec-1 |FrameworkServlet.java:547 |org.springframework.web.servlet.DispatcherServlet |Completed initialization in 34 ms
2020-12-10 00:10:09 |INFO  |http-nio-8081-exec-1 |HikariDataSource.java:110 |com.zaxxer.hikari.HikariDataSource |HikariPool-1 - Starting...
2020-12-10 00:10:09 |INFO  |http-nio-8081-exec-1 |HikariDataSource.java:123 |com.zaxxer.hikari.HikariDataSource |HikariPool-1 - Start completed.
2020-12-10 00:12:54 |INFO  |main |StartupInfoLogger.java:55 |cn.antigenmhc.otaku.service.manager.AdminApplication |Starting AdminApplication on DESKTOP-S1J7VB7 with PID 33964 (D:\er_ci_yuan\service\service_admin\target\classes started by 72349 in D:\er_ci_yuan)
2020-12-10 00:12:54 |INFO  |main |SpringApplication.java:655 |cn.antigenmhc.otaku.service.manager.AdminApplication |The following profiles are active: dev
2020-12-10 00:12:56 |INFO  |main |PostProcessorRegistrationDelegate.java:330 |org.springframework.context.support.PostProcessorRegistrationDelegate$BeanPostProcessorChecker |Bean 'org.springframework.transaction.annotation.ProxyTransactionManagementConfiguration' of type [org.springframework.transaction.annotation.ProxyTransactionManagementConfiguration] is not eligible for getting processed by all BeanPostProcessors (for example: not eligible for auto-proxying)
2020-12-10 00:12:56 |INFO  |main |TomcatWebServer.java:92 |org.springframework.boot.web.embedded.tomcat.TomcatWebServer |Tomcat initialized with port(s): 8081 (http)
2020-12-10 00:12:56 |INFO  |main |DirectJDKLog.java:173 |org.apache.coyote.http11.Http11NioProtocol |Initializing ProtocolHandler ["http-nio-8081"]
2020-12-10 00:12:56 |INFO  |main |DirectJDKLog.java:173 |org.apache.catalina.core.StandardService |Starting service [Tomcat]
2020-12-10 00:12:56 |INFO  |main |DirectJDKLog.java:173 |org.apache.catalina.core.StandardEngine |Starting Servlet engine: [Apache Tomcat/9.0.30]
2020-12-10 00:12:56 |INFO  |main |DirectJDKLog.java:173 |org.apache.catalina.core.ContainerBase.[Tomcat].[localhost].[/] |Initializing Spring embedded WebApplicationContext
2020-12-10 00:12:56 |INFO  |main |ServletWebServerApplicationContext.java:284 |org.springframework.web.context.ContextLoader |Root WebApplicationContext: initialization completed in 2236 ms
2020-12-10 00:13:04 |INFO  |main |WebMvcPropertySourcedRequestMappingHandlerMapping.java:69 |springfox.documentation.spring.web.WebMvcPropertySourcedRequestMappingHandlerMapping |Mapped URL path [/v2/api-docs] onto method [springfox.documentation.swagger2.web.Swagger2ControllerWebMvc#getDocumentation(String, HttpServletRequest)]
2020-12-10 00:13:04 |INFO  |main |ExecutorConfigurationSupport.java:171 |org.springframework.scheduling.concurrent.ThreadPoolTaskExecutor |Initializing ExecutorService 'applicationTaskExecutor'
2020-12-10 00:13:05 |INFO  |main |DocumentationPluginsBootstrapper.java:93 |springfox.documentation.spring.web.plugins.DocumentationPluginsBootstrapper |Documentation plugins bootstrapped
2020-12-10 00:13:05 |INFO  |main |AbstractDocumentationPluginsBootstrapper.java:79 |springfox.documentation.spring.web.plugins.DocumentationPluginsBootstrapper |Found 1 custom documentation plugin(s)
2020-12-10 00:13:05 |INFO  |main |ApiListingReferenceScanner.java:44 |springfox.documentation.spring.web.scanners.ApiListingReferenceScanner |Scanning for api listing references
2020-12-10 00:13:05 |INFO  |main |CachingOperationNameGenerator.java:41 |springfox.documentation.spring.web.readers.operation.CachingOperationNameGenerator |Generating unique operation named: getAllUsingGET_1
2020-12-10 00:13:05 |INFO  |main |DirectJDKLog.java:173 |org.apache.coyote.http11.Http11NioProtocol |Starting ProtocolHandler ["http-nio-8081"]
2020-12-10 00:13:05 |INFO  |main |TomcatWebServer.java:204 |org.springframework.boot.web.embedded.tomcat.TomcatWebServer |Tomcat started on port(s): 8081 (http) with context path ''
2020-12-10 00:13:05 |INFO  |main |StartupInfoLogger.java:61 |cn.antigenmhc.otaku.service.manager.AdminApplication |Started AdminApplication in 12.693 seconds (JVM running for 15.171)
2020-12-10 00:14:50 |INFO  |http-nio-8081-exec-1 |DirectJDKLog.java:173 |org.apache.catalina.core.ContainerBase.[Tomcat].[localhost].[/] |Initializing Spring DispatcherServlet 'dispatcherServlet'
2020-12-10 00:14:50 |INFO  |http-nio-8081-exec-1 |FrameworkServlet.java:525 |org.springframework.web.servlet.DispatcherServlet |Initializing Servlet 'dispatcherServlet'
2020-12-10 00:14:50 |INFO  |http-nio-8081-exec-1 |FrameworkServlet.java:547 |org.springframework.web.servlet.DispatcherServlet |Completed initialization in 28 ms
2020-12-10 00:14:51 |INFO  |http-nio-8081-exec-1 |HikariDataSource.java:110 |com.zaxxer.hikari.HikariDataSource |HikariPool-1 - Starting...
2020-12-10 00:14:51 |INFO  |http-nio-8081-exec-1 |HikariDataSource.java:123 |com.zaxxer.hikari.HikariDataSource |HikariPool-1 - Start completed.
2020-12-10 00:23:38 |INFO  |main |StartupInfoLogger.java:55 |cn.antigenmhc.otaku.service.manager.AdminApplication |Starting AdminApplication on DESKTOP-S1J7VB7 with PID 32808 (D:\er_ci_yuan\service\service_admin\target\classes started by 72349 in D:\er_ci_yuan)
2020-12-10 00:23:38 |INFO  |main |SpringApplication.java:655 |cn.antigenmhc.otaku.service.manager.AdminApplication |The following profiles are active: dev
2020-12-10 00:23:41 |INFO  |main |PostProcessorRegistrationDelegate.java:330 |org.springframework.context.support.PostProcessorRegistrationDelegate$BeanPostProcessorChecker |Bean 'org.springframework.transaction.annotation.ProxyTransactionManagementConfiguration' of type [org.springframework.transaction.annotation.ProxyTransactionManagementConfiguration] is not eligible for getting processed by all BeanPostProcessors (for example: not eligible for auto-proxying)
2020-12-10 00:23:41 |INFO  |main |TomcatWebServer.java:92 |org.springframework.boot.web.embedded.tomcat.TomcatWebServer |Tomcat initialized with port(s): 8081 (http)
2020-12-10 00:23:41 |INFO  |main |DirectJDKLog.java:173 |org.apache.coyote.http11.Http11NioProtocol |Initializing ProtocolHandler ["http-nio-8081"]
2020-12-10 00:23:41 |INFO  |main |DirectJDKLog.java:173 |org.apache.catalina.core.StandardService |Starting service [Tomcat]
2020-12-10 00:23:41 |INFO  |main |DirectJDKLog.java:173 |org.apache.catalina.core.StandardEngine |Starting Servlet engine: [Apache Tomcat/9.0.30]
2020-12-10 00:23:42 |INFO  |main |DirectJDKLog.java:173 |org.apache.catalina.core.ContainerBase.[Tomcat].[localhost].[/] |Initializing Spring embedded WebApplicationContext
2020-12-10 00:23:42 |INFO  |main |ServletWebServerApplicationContext.java:284 |org.springframework.web.context.ContextLoader |Root WebApplicationContext: initialization completed in 3359 ms
2020-12-10 00:23:50 |INFO  |main |WebMvcPropertySourcedRequestMappingHandlerMapping.java:69 |springfox.documentation.spring.web.WebMvcPropertySourcedRequestMappingHandlerMapping |Mapped URL path [/v2/api-docs] onto method [springfox.documentation.swagger2.web.Swagger2ControllerWebMvc#getDocumentation(String, HttpServletRequest)]
2020-12-10 00:23:50 |INFO  |main |ExecutorConfigurationSupport.java:171 |org.springframework.scheduling.concurrent.ThreadPoolTaskExecutor |Initializing ExecutorService 'applicationTaskExecutor'
2020-12-10 00:23:51 |INFO  |main |DocumentationPluginsBootstrapper.java:93 |springfox.documentation.spring.web.plugins.DocumentationPluginsBootstrapper |Documentation plugins bootstrapped
2020-12-10 00:23:51 |INFO  |main |AbstractDocumentationPluginsBootstrapper.java:79 |springfox.documentation.spring.web.plugins.DocumentationPluginsBootstrapper |Found 1 custom documentation plugin(s)
2020-12-10 00:23:51 |INFO  |main |ApiListingReferenceScanner.java:44 |springfox.documentation.spring.web.scanners.ApiListingReferenceScanner |Scanning for api listing references
2020-12-10 00:23:51 |INFO  |main |CachingOperationNameGenerator.java:41 |springfox.documentation.spring.web.readers.operation.CachingOperationNameGenerator |Generating unique operation named: getAllUsingGET_1
2020-12-10 00:23:51 |INFO  |main |DirectJDKLog.java:173 |org.apache.coyote.http11.Http11NioProtocol |Starting ProtocolHandler ["http-nio-8081"]
2020-12-10 00:23:51 |INFO  |main |TomcatWebServer.java:204 |org.springframework.boot.web.embedded.tomcat.TomcatWebServer |Tomcat started on port(s): 8081 (http) with context path ''
2020-12-10 00:23:51 |INFO  |main |StartupInfoLogger.java:61 |cn.antigenmhc.otaku.service.manager.AdminApplication |Started AdminApplication in 14.316 seconds (JVM running for 18.206)
2020-12-10 00:23:54 |INFO  |http-nio-8081-exec-1 |DirectJDKLog.java:173 |org.apache.catalina.core.ContainerBase.[Tomcat].[localhost].[/] |Initializing Spring DispatcherServlet 'dispatcherServlet'
2020-12-10 00:23:54 |INFO  |http-nio-8081-exec-1 |FrameworkServlet.java:525 |org.springframework.web.servlet.DispatcherServlet |Initializing Servlet 'dispatcherServlet'
2020-12-10 00:23:54 |INFO  |http-nio-8081-exec-1 |FrameworkServlet.java:547 |org.springframework.web.servlet.DispatcherServlet |Completed initialization in 10 ms
2020-12-10 00:23:54 |INFO  |http-nio-8081-exec-1 |HikariDataSource.java:110 |com.zaxxer.hikari.HikariDataSource |HikariPool-1 - Starting...
2020-12-10 00:23:54 |INFO  |http-nio-8081-exec-1 |HikariDataSource.java:123 |com.zaxxer.hikari.HikariDataSource |HikariPool-1 - Start completed.
2020-12-10 19:25:17 |INFO  |2333 |StartupInfoLogger.java:55 |cn.antigenmhc.otaku.service.manager.AdminApplication |Starting AdminApplication on DESKTOP-S1J7VB7 with PID 28076 (D:\er_ci_yuan\service\service_admin\target\classes started by 72349 in D:\er_ci_yuan)
2020-12-10 19:25:17 |INFO  |2333 |SpringApplication.java:655 |cn.antigenmhc.otaku.service.manager.AdminApplication |The following profiles are active: dev
2020-12-10 19:25:18 |INFO  |2333 |PostProcessorRegistrationDelegate.java:330 |org.springframework.context.support.PostProcessorRegistrationDelegate$BeanPostProcessorChecker |Bean 'org.springframework.transaction.annotation.ProxyTransactionManagementConfiguration' of type [org.springframework.transaction.annotation.ProxyTransactionManagementConfiguration] is not eligible for getting processed by all BeanPostProcessors (for example: not eligible for auto-proxying)
2020-12-10 19:25:20 |INFO  |2333 |TomcatWebServer.java:92 |org.springframework.boot.web.embedded.tomcat.TomcatWebServer |Tomcat initialized with port(s): 8081 (http)
2020-12-10 19:25:20 |INFO  |2333 |DirectJDKLog.java:173 |org.apache.coyote.http11.Http11NioProtocol |Initializing ProtocolHandler ["http-nio-8081"]
2020-12-10 19:25:20 |INFO  |2333 |DirectJDKLog.java:173 |org.apache.catalina.core.StandardService |Starting service [Tomcat]
2020-12-10 19:25:20 |INFO  |2333 |DirectJDKLog.java:173 |org.apache.catalina.core.StandardEngine |Starting Servlet engine: [Apache Tomcat/9.0.30]
2020-12-10 19:25:20 |INFO  |2333 |DirectJDKLog.java:173 |org.apache.catalina.core.ContainerBase.[Tomcat].[localhost].[/] |Initializing Spring embedded WebApplicationContext
2020-12-10 19:25:20 |INFO  |2333 |ServletWebServerApplicationContext.java:284 |org.springframework.web.context.ContextLoader |Root WebApplicationContext: initialization completed in 2993 ms
2020-12-10 19:25:23 |INFO  |2333 |WebMvcPropertySourcedRequestMappingHandlerMapping.java:69 |springfox.documentation.spring.web.WebMvcPropertySourcedRequestMappingHandlerMapping |Mapped URL path [/v2/api-docs] onto method [springfox.documentation.swagger2.web.Swagger2ControllerWebMvc#getDocumentation(String, HttpServletRequest)]
2020-12-10 19:25:23 |INFO  |2333 |ExecutorConfigurationSupport.java:171 |org.springframework.scheduling.concurrent.ThreadPoolTaskExecutor |Initializing ExecutorService 'applicationTaskExecutor'
2020-12-10 19:25:23 |INFO  |2333 |DocumentationPluginsBootstrapper.java:93 |springfox.documentation.spring.web.plugins.DocumentationPluginsBootstrapper |Documentation plugins bootstrapped
2020-12-10 19:25:23 |INFO  |2333 |AbstractDocumentationPluginsBootstrapper.java:79 |springfox.documentation.spring.web.plugins.DocumentationPluginsBootstrapper |Found 1 custom documentation plugin(s)
2020-12-10 19:25:23 |INFO  |2333 |ApiListingReferenceScanner.java:44 |springfox.documentation.spring.web.scanners.ApiListingReferenceScanner |Scanning for api listing references
2020-12-10 19:25:23 |INFO  |2333 |CachingOperationNameGenerator.java:41 |springfox.documentation.spring.web.readers.operation.CachingOperationNameGenerator |Generating unique operation named: getAllUsingGET_1
2020-12-10 19:25:24 |INFO  |2333 |DirectJDKLog.java:173 |org.apache.coyote.http11.Http11NioProtocol |Starting ProtocolHandler ["http-nio-8081"]
2020-12-10 19:25:24 |INFO  |2333 |TomcatWebServer.java:204 |org.springframework.boot.web.embedded.tomcat.TomcatWebServer |Tomcat started on port(s): 8081 (http) with context path ''
2020-12-10 19:25:24 |INFO  |2333 |StartupInfoLogger.java:61 |cn.antigenmhc.otaku.service.manager.AdminApplication |Started AdminApplication in 7.419 seconds (JVM running for 9.198)
2020-12-10 19:25:48 |INFO  |http-nio-8081-exec-1 |DirectJDKLog.java:173 |org.apache.catalina.core.ContainerBase.[Tomcat].[localhost].[/] |Initializing Spring DispatcherServlet 'dispatcherServlet'
2020-12-10 19:25:48 |INFO  |http-nio-8081-exec-1 |FrameworkServlet.java:525 |org.springframework.web.servlet.DispatcherServlet |Initializing Servlet 'dispatcherServlet'
2020-12-10 19:25:48 |INFO  |http-nio-8081-exec-1 |FrameworkServlet.java:547 |org.springframework.web.servlet.DispatcherServlet |Completed initialization in 18 ms
2020-12-10 19:25:48 |INFO  |http-nio-8081-exec-1 |HikariDataSource.java:110 |com.zaxxer.hikari.HikariDataSource |HikariPool-1 - Starting...
2020-12-10 19:25:49 |INFO  |http-nio-8081-exec-1 |HikariDataSource.java:123 |com.zaxxer.hikari.HikariDataSource |HikariPool-1 - Start completed.
2020-12-10 19:26:14 |INFO  |2333 |StartupInfoLogger.java:55 |cn.antigenmhc.otaku.service.manager.AdminApplication |Starting AdminApplication on DESKTOP-S1J7VB7 with PID 16976 (D:\er_ci_yuan\service\service_admin\target\classes started by 72349 in D:\er_ci_yuan)
2020-12-10 19:26:14 |INFO  |2333 |SpringApplication.java:655 |cn.antigenmhc.otaku.service.manager.AdminApplication |The following profiles are active: dev
2020-12-10 19:26:15 |INFO  |2333 |PostProcessorRegistrationDelegate.java:330 |org.springframework.context.support.PostProcessorRegistrationDelegate$BeanPostProcessorChecker |Bean 'org.springframework.transaction.annotation.ProxyTransactionManagementConfiguration' of type [org.springframework.transaction.annotation.ProxyTransactionManagementConfiguration] is not eligible for getting processed by all BeanPostProcessors (for example: not eligible for auto-proxying)
2020-12-10 19:26:16 |INFO  |2333 |TomcatWebServer.java:92 |org.springframework.boot.web.embedded.tomcat.TomcatWebServer |Tomcat initialized with port(s): 8081 (http)
2020-12-10 19:26:16 |INFO  |2333 |DirectJDKLog.java:173 |org.apache.coyote.http11.Http11NioProtocol |Initializing ProtocolHandler ["http-nio-8081"]
2020-12-10 19:26:16 |INFO  |2333 |DirectJDKLog.java:173 |org.apache.catalina.core.StandardService |Starting service [Tomcat]
2020-12-10 19:26:16 |INFO  |2333 |DirectJDKLog.java:173 |org.apache.catalina.core.StandardEngine |Starting Servlet engine: [Apache Tomcat/9.0.30]
2020-12-10 19:26:16 |INFO  |2333 |DirectJDKLog.java:173 |org.apache.catalina.core.ContainerBase.[Tomcat].[localhost].[/] |Initializing Spring embedded WebApplicationContext
2020-12-10 19:26:16 |INFO  |2333 |ServletWebServerApplicationContext.java:284 |org.springframework.web.context.ContextLoader |Root WebApplicationContext: initialization completed in 1701 ms
2020-12-10 19:26:19 |INFO  |2333 |WebMvcPropertySourcedRequestMappingHandlerMapping.java:69 |springfox.documentation.spring.web.WebMvcPropertySourcedRequestMappingHandlerMapping |Mapped URL path [/v2/api-docs] onto method [springfox.documentation.swagger2.web.Swagger2ControllerWebMvc#getDocumentation(String, HttpServletRequest)]
2020-12-10 19:26:19 |INFO  |2333 |ExecutorConfigurationSupport.java:171 |org.springframework.scheduling.concurrent.ThreadPoolTaskExecutor |Initializing ExecutorService 'applicationTaskExecutor'
2020-12-10 19:26:19 |INFO  |2333 |DocumentationPluginsBootstrapper.java:93 |springfox.documentation.spring.web.plugins.DocumentationPluginsBootstrapper |Documentation plugins bootstrapped
2020-12-10 19:26:19 |INFO  |2333 |AbstractDocumentationPluginsBootstrapper.java:79 |springfox.documentation.spring.web.plugins.DocumentationPluginsBootstrapper |Found 1 custom documentation plugin(s)
2020-12-10 19:26:19 |INFO  |2333 |ApiListingReferenceScanner.java:44 |springfox.documentation.spring.web.scanners.ApiListingReferenceScanner |Scanning for api listing references
2020-12-10 19:26:19 |INFO  |2333 |CachingOperationNameGenerator.java:41 |springfox.documentation.spring.web.readers.operation.CachingOperationNameGenerator |Generating unique operation named: getAllUsingGET_1
2020-12-10 19:26:19 |INFO  |2333 |DirectJDKLog.java:173 |org.apache.coyote.http11.Http11NioProtocol |Starting ProtocolHandler ["http-nio-8081"]
2020-12-10 19:26:19 |INFO  |2333 |TomcatWebServer.java:204 |org.springframework.boot.web.embedded.tomcat.TomcatWebServer |Tomcat started on port(s): 8081 (http) with context path ''
2020-12-10 19:26:19 |INFO  |2333 |StartupInfoLogger.java:61 |cn.antigenmhc.otaku.service.manager.AdminApplication |Started AdminApplication in 5.968 seconds (JVM running for 7.903)
2020-12-10 19:26:36 |INFO  |http-nio-8081-exec-1 |DirectJDKLog.java:173 |org.apache.catalina.core.ContainerBase.[Tomcat].[localhost].[/] |Initializing Spring DispatcherServlet 'dispatcherServlet'
2020-12-10 19:26:36 |INFO  |http-nio-8081-exec-1 |FrameworkServlet.java:525 |org.springframework.web.servlet.DispatcherServlet |Initializing Servlet 'dispatcherServlet'
2020-12-10 19:26:36 |INFO  |http-nio-8081-exec-1 |FrameworkServlet.java:547 |org.springframework.web.servlet.DispatcherServlet |Completed initialization in 32 ms
2020-12-10 19:26:37 |INFO  |http-nio-8081-exec-1 |HikariDataSource.java:110 |com.zaxxer.hikari.HikariDataSource |HikariPool-1 - Starting...
2020-12-10 19:26:37 |INFO  |http-nio-8081-exec-1 |HikariDataSource.java:123 |com.zaxxer.hikari.HikariDataSource |HikariPool-1 - Start completed.
2020-12-10 19:27:39 |INFO  |2333 |StartupInfoLogger.java:55 |cn.antigenmhc.otaku.service.manager.AdminApplication |Starting AdminApplication on DESKTOP-S1J7VB7 with PID 15132 (D:\er_ci_yuan\service\service_admin\target\classes started by 72349 in D:\er_ci_yuan)
2020-12-10 19:27:39 |INFO  |2333 |SpringApplication.java:655 |cn.antigenmhc.otaku.service.manager.AdminApplication |The following profiles are active: dev
2020-12-10 19:27:40 |INFO  |2333 |PostProcessorRegistrationDelegate.java:330 |org.springframework.context.support.PostProcessorRegistrationDelegate$BeanPostProcessorChecker |Bean 'org.springframework.transaction.annotation.ProxyTransactionManagementConfiguration' of type [org.springframework.transaction.annotation.ProxyTransactionManagementConfiguration] is not eligible for getting processed by all BeanPostProcessors (for example: not eligible for auto-proxying)
2020-12-10 19:27:41 |INFO  |2333 |TomcatWebServer.java:92 |org.springframework.boot.web.embedded.tomcat.TomcatWebServer |Tomcat initialized with port(s): 8081 (http)
2020-12-10 19:27:41 |INFO  |2333 |DirectJDKLog.java:173 |org.apache.coyote.http11.Http11NioProtocol |Initializing ProtocolHandler ["http-nio-8081"]
2020-12-10 19:27:41 |INFO  |2333 |DirectJDKLog.java:173 |org.apache.catalina.core.StandardService |Starting service [Tomcat]
2020-12-10 19:27:41 |INFO  |2333 |DirectJDKLog.java:173 |org.apache.catalina.core.StandardEngine |Starting Servlet engine: [Apache Tomcat/9.0.30]
2020-12-10 19:27:41 |INFO  |2333 |DirectJDKLog.java:173 |org.apache.catalina.core.ContainerBase.[Tomcat].[localhost].[/] |Initializing Spring embedded WebApplicationContext
2020-12-10 19:27:41 |INFO  |2333 |ServletWebServerApplicationContext.java:284 |org.springframework.web.context.ContextLoader |Root WebApplicationContext: initialization completed in 1441 ms
2020-12-10 19:27:44 |INFO  |2333 |WebMvcPropertySourcedRequestMappingHandlerMapping.java:69 |springfox.documentation.spring.web.WebMvcPropertySourcedRequestMappingHandlerMapping |Mapped URL path [/v2/api-docs] onto method [springfox.documentation.swagger2.web.Swagger2ControllerWebMvc#getDocumentation(String, HttpServletRequest)]
2020-12-10 19:27:44 |INFO  |2333 |ExecutorConfigurationSupport.java:171 |org.springframework.scheduling.concurrent.ThreadPoolTaskExecutor |Initializing ExecutorService 'applicationTaskExecutor'
2020-12-10 19:27:44 |INFO  |2333 |DocumentationPluginsBootstrapper.java:93 |springfox.documentation.spring.web.plugins.DocumentationPluginsBootstrapper |Documentation plugins bootstrapped
2020-12-10 19:27:44 |INFO  |2333 |AbstractDocumentationPluginsBootstrapper.java:79 |springfox.documentation.spring.web.plugins.DocumentationPluginsBootstrapper |Found 1 custom documentation plugin(s)
2020-12-10 19:27:44 |INFO  |2333 |ApiListingReferenceScanner.java:44 |springfox.documentation.spring.web.scanners.ApiListingReferenceScanner |Scanning for api listing references
2020-12-10 19:27:44 |INFO  |2333 |CachingOperationNameGenerator.java:41 |springfox.documentation.spring.web.readers.operation.CachingOperationNameGenerator |Generating unique operation named: getAllUsingGET_1
2020-12-10 19:27:44 |INFO  |2333 |DirectJDKLog.java:173 |org.apache.coyote.http11.Http11NioProtocol |Starting ProtocolHandler ["http-nio-8081"]
2020-12-10 19:27:44 |INFO  |2333 |TomcatWebServer.java:204 |org.springframework.boot.web.embedded.tomcat.TomcatWebServer |Tomcat started on port(s): 8081 (http) with context path ''
2020-12-10 19:27:44 |INFO  |2333 |StartupInfoLogger.java:61 |cn.antigenmhc.otaku.service.manager.AdminApplication |Started AdminApplication in 5.63 seconds (JVM running for 7.417)
2020-12-10 19:27:57 |INFO  |http-nio-8081-exec-1 |DirectJDKLog.java:173 |org.apache.catalina.core.ContainerBase.[Tomcat].[localhost].[/] |Initializing Spring DispatcherServlet 'dispatcherServlet'
2020-12-10 19:27:57 |INFO  |http-nio-8081-exec-1 |FrameworkServlet.java:525 |org.springframework.web.servlet.DispatcherServlet |Initializing Servlet 'dispatcherServlet'
2020-12-10 19:27:57 |INFO  |http-nio-8081-exec-1 |FrameworkServlet.java:547 |org.springframework.web.servlet.DispatcherServlet |Completed initialization in 21 ms
2020-12-10 19:27:57 |INFO  |http-nio-8081-exec-1 |HikariDataSource.java:110 |com.zaxxer.hikari.HikariDataSource |HikariPool-1 - Starting...
2020-12-10 19:27:58 |INFO  |http-nio-8081-exec-1 |HikariDataSource.java:123 |com.zaxxer.hikari.HikariDataSource |HikariPool-1 - Start completed.
2020-12-10 22:07:45 |INFO  |main |StartupInfoLogger.java:55 |cn.antigenmhc.otaku.service.manager.AdminApplication |Starting AdminApplication on DESKTOP-S1J7VB7 with PID 24716 (D:\er_ci_yuan\service\service_admin\target\classes started by 72349 in D:\er_ci_yuan)
2020-12-10 22:07:45 |INFO  |main |SpringApplication.java:655 |cn.antigenmhc.otaku.service.manager.AdminApplication |The following profiles are active: dev
2020-12-10 22:07:49 |INFO  |main |PostProcessorRegistrationDelegate.java:330 |org.springframework.context.support.PostProcessorRegistrationDelegate$BeanPostProcessorChecker |Bean 'org.springframework.transaction.annotation.ProxyTransactionManagementConfiguration' of type [org.springframework.transaction.annotation.ProxyTransactionManagementConfiguration] is not eligible for getting processed by all BeanPostProcessors (for example: not eligible for auto-proxying)
2020-12-10 22:07:49 |INFO  |main |TomcatWebServer.java:92 |org.springframework.boot.web.embedded.tomcat.TomcatWebServer |Tomcat initialized with port(s): 8081 (http)
2020-12-10 22:07:49 |INFO  |main |DirectJDKLog.java:173 |org.apache.coyote.http11.Http11NioProtocol |Initializing ProtocolHandler ["http-nio-8081"]
2020-12-10 22:07:49 |INFO  |main |DirectJDKLog.java:173 |org.apache.catalina.core.StandardService |Starting service [Tomcat]
2020-12-10 22:07:49 |INFO  |main |DirectJDKLog.java:173 |org.apache.catalina.core.StandardEngine |Starting Servlet engine: [Apache Tomcat/9.0.30]
2020-12-10 22:07:50 |INFO  |main |DirectJDKLog.java:173 |org.apache.catalina.core.ContainerBase.[Tomcat].[localhost].[/] |Initializing Spring embedded WebApplicationContext
2020-12-10 22:07:50 |INFO  |main |ServletWebServerApplicationContext.java:284 |org.springframework.web.context.ContextLoader |Root WebApplicationContext: initialization completed in 4336 ms
2020-12-10 22:07:58 |INFO  |main |WebMvcPropertySourcedRequestMappingHandlerMapping.java:69 |springfox.documentation.spring.web.WebMvcPropertySourcedRequestMappingHandlerMapping |Mapped URL path [/v2/api-docs] onto method [springfox.documentation.swagger2.web.Swagger2ControllerWebMvc#getDocumentation(String, HttpServletRequest)]
2020-12-10 22:07:58 |INFO  |main |ExecutorConfigurationSupport.java:171 |org.springframework.scheduling.concurrent.ThreadPoolTaskExecutor |Initializing ExecutorService 'applicationTaskExecutor'
2020-12-10 22:07:59 |INFO  |main |DocumentationPluginsBootstrapper.java:93 |springfox.documentation.spring.web.plugins.DocumentationPluginsBootstrapper |Documentation plugins bootstrapped
2020-12-10 22:07:59 |INFO  |main |AbstractDocumentationPluginsBootstrapper.java:79 |springfox.documentation.spring.web.plugins.DocumentationPluginsBootstrapper |Found 1 custom documentation plugin(s)
2020-12-10 22:07:59 |INFO  |main |ApiListingReferenceScanner.java:44 |springfox.documentation.spring.web.scanners.ApiListingReferenceScanner |Scanning for api listing references
2020-12-10 22:07:59 |INFO  |main |CachingOperationNameGenerator.java:41 |springfox.documentation.spring.web.readers.operation.CachingOperationNameGenerator |Generating unique operation named: getAllUsingGET_1
2020-12-10 22:07:59 |INFO  |main |DirectJDKLog.java:173 |org.apache.coyote.http11.Http11NioProtocol |Starting ProtocolHandler ["http-nio-8081"]
2020-12-10 22:07:59 |INFO  |main |TomcatWebServer.java:204 |org.springframework.boot.web.embedded.tomcat.TomcatWebServer |Tomcat started on port(s): 8081 (http) with context path ''
2020-12-10 22:07:59 |INFO  |main |StartupInfoLogger.java:61 |cn.antigenmhc.otaku.service.manager.AdminApplication |Started AdminApplication in 15.653 seconds (JVM running for 20.859)
2020-12-10 23:09:11 |INFO  |main |StartupInfoLogger.java:55 |cn.antigenmhc.otaku.service.manager.AdminApplication |Starting AdminApplication on DESKTOP-S1J7VB7 with PID 19652 (D:\er_ci_yuan\service\service_admin\target\classes started by 72349 in D:\er_ci_yuan)
2020-12-10 23:09:11 |INFO  |main |SpringApplication.java:655 |cn.antigenmhc.otaku.service.manager.AdminApplication |The following profiles are active: dev
2020-12-10 23:09:14 |INFO  |main |PostProcessorRegistrationDelegate.java:330 |org.springframework.context.support.PostProcessorRegistrationDelegate$BeanPostProcessorChecker |Bean 'org.springframework.transaction.annotation.ProxyTransactionManagementConfiguration' of type [org.springframework.transaction.annotation.ProxyTransactionManagementConfiguration] is not eligible for getting processed by all BeanPostProcessors (for example: not eligible for auto-proxying)
2020-12-10 23:09:14 |INFO  |main |TomcatWebServer.java:92 |org.springframework.boot.web.embedded.tomcat.TomcatWebServer |Tomcat initialized with port(s): 8081 (http)
2020-12-10 23:09:14 |INFO  |main |DirectJDKLog.java:173 |org.apache.coyote.http11.Http11NioProtocol |Initializing ProtocolHandler ["http-nio-8081"]
2020-12-10 23:09:14 |INFO  |main |DirectJDKLog.java:173 |org.apache.catalina.core.StandardService |Starting service [Tomcat]
2020-12-10 23:09:14 |INFO  |main |DirectJDKLog.java:173 |org.apache.catalina.core.StandardEngine |Starting Servlet engine: [Apache Tomcat/9.0.27]
2020-12-10 23:09:14 |INFO  |main |DirectJDKLog.java:173 |org.apache.catalina.core.ContainerBase.[Tomcat].[localhost].[/] |Initializing Spring embedded WebApplicationContext
2020-12-10 23:09:14 |INFO  |main |ServletWebServerApplicationContext.java:284 |org.springframework.web.context.ContextLoader |Root WebApplicationContext: initialization completed in 3265 ms
2020-12-10 23:09:19 |INFO  |main |WebMvcPropertySourcedRequestMappingHandlerMapping.java:69 |springfox.documentation.spring.web.WebMvcPropertySourcedRequestMappingHandlerMapping |Mapped URL path [/v2/api-docs] onto method [springfox.documentation.swagger2.web.Swagger2ControllerWebMvc#getDocumentation(String, HttpServletRequest)]
2020-12-10 23:09:19 |INFO  |main |ExecutorConfigurationSupport.java:171 |org.springframework.scheduling.concurrent.ThreadPoolTaskExecutor |Initializing ExecutorService 'applicationTaskExecutor'
2020-12-10 23:09:20 |INFO  |main |DocumentationPluginsBootstrapper.java:93 |springfox.documentation.spring.web.plugins.DocumentationPluginsBootstrapper |Documentation plugins bootstrapped
2020-12-10 23:09:20 |INFO  |main |AbstractDocumentationPluginsBootstrapper.java:79 |springfox.documentation.spring.web.plugins.DocumentationPluginsBootstrapper |Found 1 custom documentation plugin(s)
2020-12-10 23:09:20 |INFO  |main |ApiListingReferenceScanner.java:44 |springfox.documentation.spring.web.scanners.ApiListingReferenceScanner |Scanning for api listing references
2020-12-10 23:09:20 |INFO  |main |CachingOperationNameGenerator.java:41 |springfox.documentation.spring.web.readers.operation.CachingOperationNameGenerator |Generating unique operation named: getAllUsingGET_1
2020-12-10 23:09:20 |INFO  |main |DirectJDKLog.java:173 |org.apache.coyote.http11.Http11NioProtocol |Starting ProtocolHandler ["http-nio-8081"]
2020-12-10 23:09:20 |INFO  |main |TomcatWebServer.java:204 |org.springframework.boot.web.embedded.tomcat.TomcatWebServer |Tomcat started on port(s): 8081 (http) with context path ''
2020-12-10 23:09:20 |INFO  |main |StartupInfoLogger.java:61 |cn.antigenmhc.otaku.service.manager.AdminApplication |Started AdminApplication in 10.472 seconds (JVM running for 13.757)
2020-12-10 23:09:55 |INFO  |http-nio-8081-exec-1 |DirectJDKLog.java:173 |org.apache.catalina.core.ContainerBase.[Tomcat].[localhost].[/] |Initializing Spring DispatcherServlet 'dispatcherServlet'
2020-12-10 23:09:55 |INFO  |http-nio-8081-exec-1 |FrameworkServlet.java:525 |org.springframework.web.servlet.DispatcherServlet |Initializing Servlet 'dispatcherServlet'
2020-12-10 23:09:55 |INFO  |http-nio-8081-exec-1 |FrameworkServlet.java:547 |org.springframework.web.servlet.DispatcherServlet |Completed initialization in 34 ms
2020-12-10 23:10:15 |INFO  |http-nio-8081-exec-4 |HikariDataSource.java:110 |com.zaxxer.hikari.HikariDataSource |HikariPool-1 - Starting...
2020-12-10 23:10:15 |INFO  |http-nio-8081-exec-4 |HikariDataSource.java:123 |com.zaxxer.hikari.HikariDataSource |HikariPool-1 - Start completed.
