2021-01-27 15:09:57 |INFO  |http-nio-8180-exec-8 |LogHandler.java:62 |cn.antigenmhc.otaku.service.base.handler.LogHandler |------------- 【POST】操作开始 -------------
2021-01-27 15:09:57 |INFO  |http-nio-8180-exec-8 |LogHandler.java:63 |cn.antigenmhc.otaku.service.base.handler.LogHandler |请求地址: http://localhost:8180/admin/oss/file/upload POST
2021-01-27 15:09:57 |INFO  |http-nio-8180-exec-8 |LogHandler.java:64 |cn.antigenmhc.otaku.service.base.handler.LogHandler |类名方法: cn.antigenmhc.otaku.service.oss.controller.FileController.upload
2021-01-27 15:09:57 |INFO  |http-nio-8180-exec-8 |LogHandler.java:65 |cn.antigenmhc.otaku.service.base.handler.LogHandler |远程地址: 0:0:0:0:0:0:0:1
2021-01-27 16:23:38 |INFO  |http-nio-8180-exec-1 |LogHandler.java:62 |cn.antigenmhc.otaku.service.base.handler.LogHandler |------------- 【POST】操作开始 -------------
2021-01-27 16:23:38 |INFO  |http-nio-8180-exec-1 |LogHandler.java:63 |cn.antigenmhc.otaku.service.base.handler.LogHandler |请求地址: http://localhost:8180/admin/oss/file/upload POST
2021-01-27 16:23:38 |INFO  |http-nio-8180-exec-1 |LogHandler.java:64 |cn.antigenmhc.otaku.service.base.handler.LogHandler |类名方法: cn.antigenmhc.otaku.service.oss.controller.FileController.upload
2021-01-27 16:23:38 |INFO  |http-nio-8180-exec-1 |LogHandler.java:65 |cn.antigenmhc.otaku.service.base.handler.LogHandler |远程地址: 0:0:0:0:0:0:0:1
2021-01-27 16:45:52 |INFO  |http-nio-8180-exec-5 |LogHandler.java:62 |cn.antigenmhc.otaku.service.base.handler.LogHandler |------------- 【POST】操作开始 -------------
2021-01-27 16:45:52 |INFO  |http-nio-8180-exec-5 |LogHandler.java:63 |cn.antigenmhc.otaku.service.base.handler.LogHandler |请求地址: http://localhost:8180/admin/oss/file/upload POST
2021-01-27 16:45:52 |INFO  |http-nio-8180-exec-5 |LogHandler.java:64 |cn.antigenmhc.otaku.service.base.handler.LogHandler |类名方法: cn.antigenmhc.otaku.service.oss.controller.FileController.upload
2021-01-27 16:45:52 |INFO  |http-nio-8180-exec-5 |LogHandler.java:65 |cn.antigenmhc.otaku.service.base.handler.LogHandler |远程地址: 0:0:0:0:0:0:0:1
2021-01-27 16:48:59 |INFO  |http-nio-8180-exec-9 |LogHandler.java:62 |cn.antigenmhc.otaku.service.base.handler.LogHandler |------------- 【POST】操作开始 -------------
2021-01-27 16:48:59 |INFO  |http-nio-8180-exec-9 |LogHandler.java:63 |cn.antigenmhc.otaku.service.base.handler.LogHandler |请求地址: http://localhost:8180/admin/oss/file/upload POST
2021-01-27 16:48:59 |INFO  |http-nio-8180-exec-9 |LogHandler.java:64 |cn.antigenmhc.otaku.service.base.handler.LogHandler |类名方法: cn.antigenmhc.otaku.service.oss.controller.FileController.upload
2021-01-27 16:48:59 |INFO  |http-nio-8180-exec-9 |LogHandler.java:65 |cn.antigenmhc.otaku.service.base.handler.LogHandler |远程地址: 0:0:0:0:0:0:0:1
2021-01-27 16:49:09 |INFO  |http-nio-8180-exec-10 |LogHandler.java:62 |cn.antigenmhc.otaku.service.base.handler.LogHandler |------------- 【DELETE】删除开始 -------------
2021-01-27 16:49:09 |INFO  |http-nio-8180-exec-10 |LogHandler.java:63 |cn.antigenmhc.otaku.service.base.handler.LogHandler |请求地址: http://192.168.211.193:8180/admin/oss/file/delete DELETE
2021-01-27 16:49:09 |INFO  |http-nio-8180-exec-10 |LogHandler.java:64 |cn.antigenmhc.otaku.service.base.handler.LogHandler |类名方法: cn.antigenmhc.otaku.service.oss.controller.FileController.deleteFile
2021-01-27 16:49:09 |INFO  |http-nio-8180-exec-10 |LogHandler.java:65 |cn.antigenmhc.otaku.service.base.handler.LogHandler |远程地址: 192.168.211.193
2021-01-27 18:48:17 |INFO  |http-nio-8180-exec-4 |LogHandler.java:62 |cn.antigenmhc.otaku.service.base.handler.LogHandler |------------- 【POST】操作开始 -------------
2021-01-27 18:48:17 |INFO  |http-nio-8180-exec-4 |LogHandler.java:63 |cn.antigenmhc.otaku.service.base.handler.LogHandler |请求地址: http://localhost:8180/admin/oss/file/upload POST
2021-01-27 18:48:17 |INFO  |http-nio-8180-exec-4 |LogHandler.java:64 |cn.antigenmhc.otaku.service.base.handler.LogHandler |类名方法: cn.antigenmhc.otaku.service.oss.controller.FileController.upload
2021-01-27 18:48:17 |INFO  |http-nio-8180-exec-4 |LogHandler.java:65 |cn.antigenmhc.otaku.service.base.handler.LogHandler |远程地址: 0:0:0:0:0:0:0:1
2021-01-27 19:06:00 |INFO  |http-nio-8180-exec-6 |LogHandler.java:62 |cn.antigenmhc.otaku.service.base.handler.LogHandler |------------- 【POST】操作开始 -------------
2021-01-27 19:06:00 |INFO  |http-nio-8180-exec-6 |LogHandler.java:63 |cn.antigenmhc.otaku.service.base.handler.LogHandler |请求地址: http://localhost:8180/admin/oss/file/upload POST
2021-01-27 19:06:00 |INFO  |http-nio-8180-exec-6 |LogHandler.java:64 |cn.antigenmhc.otaku.service.base.handler.LogHandler |类名方法: cn.antigenmhc.otaku.service.oss.controller.FileController.upload
2021-01-27 19:06:00 |INFO  |http-nio-8180-exec-6 |LogHandler.java:65 |cn.antigenmhc.otaku.service.base.handler.LogHandler |远程地址: 0:0:0:0:0:0:0:1
2021-01-27 19:41:01 |INFO  |main |SpringApplication.java:655 |cn.antigenmhc.otaku.service.oss.OssApplication |The following profiles are active: dev
2021-01-27 19:41:02 |INFO  |main |GenericScope.java:295 |org.springframework.cloud.context.scope.GenericScope |BeanFactory id=c35b68f0-f5ae-3f45-95ab-7746f75d8633
2021-01-27 19:41:02 |INFO  |main |PostProcessorRegistrationDelegate.java:330 |org.springframework.context.support.PostProcessorRegistrationDelegate$BeanPostProcessorChecker |Bean 'org.springframework.transaction.annotation.ProxyTransactionManagementConfiguration' of type [org.springframework.transaction.annotation.ProxyTransactionManagementConfiguration] is not eligible for getting processed by all BeanPostProcessors (for example: not eligible for auto-proxying)
2021-01-27 19:41:02 |INFO  |main |PostProcessorRegistrationDelegate.java:330 |org.springframework.context.support.PostProcessorRegistrationDelegate$BeanPostProcessorChecker |Bean 'spring.cloud.sentinel-com.alibaba.cloud.sentinel.SentinelProperties' of type [com.alibaba.cloud.sentinel.SentinelProperties] is not eligible for getting processed by all BeanPostProcessors (for example: not eligible for auto-proxying)
2021-01-27 19:41:02 |INFO  |main |PostProcessorRegistrationDelegate.java:330 |org.springframework.context.support.PostProcessorRegistrationDelegate$BeanPostProcessorChecker |Bean 'com.alibaba.cloud.sentinel.custom.SentinelAutoConfiguration' of type [com.alibaba.cloud.sentinel.custom.SentinelAutoConfiguration$$EnhancerBySpringCGLIB$$c645540] is not eligible for getting processed by all BeanPostProcessors (for example: not eligible for auto-proxying)
2021-01-27 19:41:03 |INFO  |main |TomcatWebServer.java:92 |org.springframework.boot.web.embedded.tomcat.TomcatWebServer |Tomcat initialized with port(s): 8180 (http)
2021-01-27 19:41:03 |INFO  |main |DirectJDKLog.java:173 |org.apache.coyote.http11.Http11NioProtocol |Initializing ProtocolHandler ["http-nio-8180"]
2021-01-27 19:41:03 |INFO  |main |DirectJDKLog.java:173 |org.apache.catalina.core.StandardService |Starting service [Tomcat]
2021-01-27 19:41:03 |INFO  |main |DirectJDKLog.java:173 |org.apache.catalina.core.StandardEngine |Starting Servlet engine: [Apache Tomcat/9.0.29]
2021-01-27 19:41:03 |INFO  |main |DirectJDKLog.java:173 |org.apache.catalina.core.ContainerBase.[Tomcat].[localhost].[/] |Initializing Spring embedded WebApplicationContext
2021-01-27 19:41:03 |INFO  |main |ServletWebServerApplicationContext.java:284 |org.springframework.web.context.ContextLoader |Root WebApplicationContext: initialization completed in 1829 ms
2021-01-27 19:41:03 |INFO  |main |SentinelWebAutoConfiguration.java:96 |com.alibaba.cloud.sentinel.SentinelWebAutoConfiguration |[Sentinel Starter] register Sentinel CommonFilter with urlPatterns: [/*].
2021-01-27 19:41:03 |INFO  |main |PropertySourcedRequestMappingHandlerMapping.java:69 |springfox.documentation.spring.web.PropertySourcedRequestMappingHandlerMapping |Mapped URL path [/v2/api-docs] onto method [springfox.documentation.swagger2.web.Swagger2Controller#getDocumentation(String, HttpServletRequest)]
2021-01-27 19:41:03 |INFO  |main |URLConfigurationSource.java:122 |com.netflix.config.sources.URLConfigurationSource |To enable URLs as dynamic configuration sources, define System property archaius.configurationSource.additionalUrls or make config.properties available on classpath.
2021-01-27 19:41:03 |INFO  |main |URLConfigurationSource.java:122 |com.netflix.config.sources.URLConfigurationSource |To enable URLs as dynamic configuration sources, define System property archaius.configurationSource.additionalUrls or make config.properties available on classpath.
2021-01-27 19:41:03 |INFO  |main |ExecutorConfigurationSupport.java:171 |org.springframework.scheduling.concurrent.ThreadPoolTaskExecutor |Initializing ExecutorService 'applicationTaskExecutor'
2021-01-27 19:41:08 |INFO  |main |ExecutorConfigurationSupport.java:171 |org.springframework.scheduling.concurrent.ThreadPoolTaskScheduler |Initializing ExecutorService
2021-01-27 19:41:21 |INFO  |main |DocumentationPluginsBootstrapper.java:151 |springfox.documentation.spring.web.plugins.DocumentationPluginsBootstrapper |Context refreshed
2021-01-27 19:41:21 |INFO  |main |DocumentationPluginsBootstrapper.java:154 |springfox.documentation.spring.web.plugins.DocumentationPluginsBootstrapper |Found 5 custom documentation plugin(s)
2021-01-27 19:41:21 |INFO  |main |ApiListingReferenceScanner.java:41 |springfox.documentation.spring.web.scanners.ApiListingReferenceScanner |Scanning for api listing references
2021-01-27 19:41:21 |INFO  |main |ApiListingReferenceScanner.java:41 |springfox.documentation.spring.web.scanners.ApiListingReferenceScanner |Scanning for api listing references
2021-01-27 19:41:21 |INFO  |main |ApiListingReferenceScanner.java:41 |springfox.documentation.spring.web.scanners.ApiListingReferenceScanner |Scanning for api listing references
2021-01-27 19:41:21 |INFO  |main |ApiListingReferenceScanner.java:41 |springfox.documentation.spring.web.scanners.ApiListingReferenceScanner |Scanning for api listing references
2021-01-27 19:41:21 |INFO  |main |ApiListingReferenceScanner.java:41 |springfox.documentation.spring.web.scanners.ApiListingReferenceScanner |Scanning for api listing references
2021-01-27 19:41:21 |INFO  |main |DirectJDKLog.java:173 |org.apache.coyote.http11.Http11NioProtocol |Starting ProtocolHandler ["http-nio-8180"]
2021-01-27 19:41:21 |INFO  |main |TomcatWebServer.java:204 |org.springframework.boot.web.embedded.tomcat.TomcatWebServer |Tomcat started on port(s): 8180 (http) with context path ''
2021-01-27 19:41:21 |INFO  |main |NacosServiceRegistry.java:62 |com.alibaba.cloud.nacos.registry.NacosServiceRegistry |nacos registry, service-oss 192.168.211.193:8180 register finished
2021-01-27 19:41:27 |INFO  |main |StartupInfoLogger.java:61 |cn.antigenmhc.otaku.service.oss.OssApplication |Started OssApplication in 40.089 seconds (JVM running for 45.998)
2021-01-27 19:41:42 |INFO  |http-nio-8180-exec-2 |DirectJDKLog.java:173 |org.apache.catalina.core.ContainerBase.[Tomcat].[localhost].[/] |Initializing Spring DispatcherServlet 'dispatcherServlet'
2021-01-27 19:41:42 |INFO  |http-nio-8180-exec-2 |FrameworkServlet.java:525 |org.springframework.web.servlet.DispatcherServlet |Initializing Servlet 'dispatcherServlet'
2021-01-27 19:41:42 |INFO  |http-nio-8180-exec-2 |FrameworkServlet.java:547 |org.springframework.web.servlet.DispatcherServlet |Completed initialization in 9 ms
2021-01-27 19:55:24 |INFO  |main |SpringApplication.java:655 |cn.antigenmhc.otaku.service.oss.OssApplication |The following profiles are active: dev
2021-01-27 19:55:25 |INFO  |main |GenericScope.java:295 |org.springframework.cloud.context.scope.GenericScope |BeanFactory id=c35b68f0-f5ae-3f45-95ab-7746f75d8633
2021-01-27 19:55:25 |INFO  |main |PostProcessorRegistrationDelegate.java:330 |org.springframework.context.support.PostProcessorRegistrationDelegate$BeanPostProcessorChecker |Bean 'org.springframework.transaction.annotation.ProxyTransactionManagementConfiguration' of type [org.springframework.transaction.annotation.ProxyTransactionManagementConfiguration] is not eligible for getting processed by all BeanPostProcessors (for example: not eligible for auto-proxying)
2021-01-27 19:55:25 |INFO  |main |PostProcessorRegistrationDelegate.java:330 |org.springframework.context.support.PostProcessorRegistrationDelegate$BeanPostProcessorChecker |Bean 'spring.cloud.sentinel-com.alibaba.cloud.sentinel.SentinelProperties' of type [com.alibaba.cloud.sentinel.SentinelProperties] is not eligible for getting processed by all BeanPostProcessors (for example: not eligible for auto-proxying)
2021-01-27 19:55:25 |INFO  |main |PostProcessorRegistrationDelegate.java:330 |org.springframework.context.support.PostProcessorRegistrationDelegate$BeanPostProcessorChecker |Bean 'com.alibaba.cloud.sentinel.custom.SentinelAutoConfiguration' of type [com.alibaba.cloud.sentinel.custom.SentinelAutoConfiguration$$EnhancerBySpringCGLIB$$31f2edcc] is not eligible for getting processed by all BeanPostProcessors (for example: not eligible for auto-proxying)
2021-01-27 19:55:26 |INFO  |main |TomcatWebServer.java:92 |org.springframework.boot.web.embedded.tomcat.TomcatWebServer |Tomcat initialized with port(s): 8180 (http)
2021-01-27 19:55:26 |INFO  |main |DirectJDKLog.java:173 |org.apache.coyote.http11.Http11NioProtocol |Initializing ProtocolHandler ["http-nio-8180"]
2021-01-27 19:55:26 |INFO  |main |DirectJDKLog.java:173 |org.apache.catalina.core.StandardService |Starting service [Tomcat]
2021-01-27 19:55:26 |INFO  |main |DirectJDKLog.java:173 |org.apache.catalina.core.StandardEngine |Starting Servlet engine: [Apache Tomcat/9.0.29]
2021-01-27 19:55:26 |INFO  |main |DirectJDKLog.java:173 |org.apache.catalina.core.ContainerBase.[Tomcat].[localhost].[/] |Initializing Spring embedded WebApplicationContext
2021-01-27 19:55:26 |INFO  |main |ServletWebServerApplicationContext.java:284 |org.springframework.web.context.ContextLoader |Root WebApplicationContext: initialization completed in 1418 ms
2021-01-27 19:55:26 |INFO  |main |SentinelWebAutoConfiguration.java:96 |com.alibaba.cloud.sentinel.SentinelWebAutoConfiguration |[Sentinel Starter] register Sentinel CommonFilter with urlPatterns: [/*].
2021-01-27 19:55:26 |INFO  |main |PropertySourcedRequestMappingHandlerMapping.java:69 |springfox.documentation.spring.web.PropertySourcedRequestMappingHandlerMapping |Mapped URL path [/v2/api-docs] onto method [springfox.documentation.swagger2.web.Swagger2Controller#getDocumentation(String, HttpServletRequest)]
2021-01-27 19:55:26 |INFO  |main |URLConfigurationSource.java:122 |com.netflix.config.sources.URLConfigurationSource |To enable URLs as dynamic configuration sources, define System property archaius.configurationSource.additionalUrls or make config.properties available on classpath.
2021-01-27 19:55:26 |INFO  |main |URLConfigurationSource.java:122 |com.netflix.config.sources.URLConfigurationSource |To enable URLs as dynamic configuration sources, define System property archaius.configurationSource.additionalUrls or make config.properties available on classpath.
2021-01-27 19:55:26 |INFO  |main |ExecutorConfigurationSupport.java:171 |org.springframework.scheduling.concurrent.ThreadPoolTaskExecutor |Initializing ExecutorService 'applicationTaskExecutor'
2021-01-27 19:55:31 |INFO  |main |ExecutorConfigurationSupport.java:171 |org.springframework.scheduling.concurrent.ThreadPoolTaskScheduler |Initializing ExecutorService
2021-01-27 19:55:41 |INFO  |main |DocumentationPluginsBootstrapper.java:151 |springfox.documentation.spring.web.plugins.DocumentationPluginsBootstrapper |Context refreshed
2021-01-27 19:55:41 |INFO  |main |DocumentationPluginsBootstrapper.java:154 |springfox.documentation.spring.web.plugins.DocumentationPluginsBootstrapper |Found 5 custom documentation plugin(s)
2021-01-27 19:55:41 |INFO  |main |ApiListingReferenceScanner.java:41 |springfox.documentation.spring.web.scanners.ApiListingReferenceScanner |Scanning for api listing references
2021-01-27 19:55:41 |INFO  |main |ApiListingReferenceScanner.java:41 |springfox.documentation.spring.web.scanners.ApiListingReferenceScanner |Scanning for api listing references
2021-01-27 19:55:41 |INFO  |main |ApiListingReferenceScanner.java:41 |springfox.documentation.spring.web.scanners.ApiListingReferenceScanner |Scanning for api listing references
2021-01-27 19:55:42 |INFO  |main |ApiListingReferenceScanner.java:41 |springfox.documentation.spring.web.scanners.ApiListingReferenceScanner |Scanning for api listing references
2021-01-27 19:55:42 |INFO  |main |ApiListingReferenceScanner.java:41 |springfox.documentation.spring.web.scanners.ApiListingReferenceScanner |Scanning for api listing references
2021-01-27 19:55:42 |INFO  |main |DirectJDKLog.java:173 |org.apache.coyote.http11.Http11NioProtocol |Starting ProtocolHandler ["http-nio-8180"]
2021-01-27 19:55:42 |INFO  |main |TomcatWebServer.java:204 |org.springframework.boot.web.embedded.tomcat.TomcatWebServer |Tomcat started on port(s): 8180 (http) with context path ''
2021-01-27 19:55:42 |INFO  |main |NacosServiceRegistry.java:62 |com.alibaba.cloud.nacos.registry.NacosServiceRegistry |nacos registry, service-oss 192.168.211.193:8180 register finished
2021-01-27 19:55:47 |INFO  |main |StartupInfoLogger.java:61 |cn.antigenmhc.otaku.service.oss.OssApplication |Started OssApplication in 35.994 seconds (JVM running for 42.094)
2021-01-27 19:55:58 |INFO  |http-nio-8180-exec-1 |DirectJDKLog.java:173 |org.apache.catalina.core.ContainerBase.[Tomcat].[localhost].[/] |Initializing Spring DispatcherServlet 'dispatcherServlet'
2021-01-27 19:55:58 |INFO  |http-nio-8180-exec-1 |FrameworkServlet.java:525 |org.springframework.web.servlet.DispatcherServlet |Initializing Servlet 'dispatcherServlet'
2021-01-27 19:55:58 |INFO  |http-nio-8180-exec-1 |FrameworkServlet.java:547 |org.springframework.web.servlet.DispatcherServlet |Completed initialization in 9 ms
2021-01-27 19:58:13 |INFO  |http-nio-8180-exec-5 |LogHandler.java:62 |cn.antigenmhc.otaku.service.base.handler.LogHandler |------------- 【DELETE】删除开始 -------------
2021-01-27 19:58:13 |INFO  |http-nio-8180-exec-5 |LogHandler.java:63 |cn.antigenmhc.otaku.service.base.handler.LogHandler |请求地址: http://localhost:8180/admin/oss/file/delete DELETE
2021-01-27 19:58:13 |INFO  |http-nio-8180-exec-5 |LogHandler.java:64 |cn.antigenmhc.otaku.service.base.handler.LogHandler |类名方法: cn.antigenmhc.otaku.service.oss.controller.FileController.deleteFile
2021-01-27 19:58:13 |INFO  |http-nio-8180-exec-5 |LogHandler.java:65 |cn.antigenmhc.otaku.service.base.handler.LogHandler |远程地址: 0:0:0:0:0:0:0:1
2021-01-27 19:59:54 |INFO  |http-nio-8180-exec-1 |LogHandler.java:62 |cn.antigenmhc.otaku.service.base.handler.LogHandler |------------- 【POST】操作开始 -------------
2021-01-27 19:59:54 |INFO  |http-nio-8180-exec-1 |LogHandler.java:63 |cn.antigenmhc.otaku.service.base.handler.LogHandler |请求地址: http://localhost:8180/admin/oss/file/upload POST
2021-01-27 19:59:54 |INFO  |http-nio-8180-exec-1 |LogHandler.java:64 |cn.antigenmhc.otaku.service.base.handler.LogHandler |类名方法: cn.antigenmhc.otaku.service.oss.controller.FileController.upload
2021-01-27 19:59:54 |INFO  |http-nio-8180-exec-1 |LogHandler.java:65 |cn.antigenmhc.otaku.service.base.handler.LogHandler |远程地址: 0:0:0:0:0:0:0:1
2021-01-27 20:14:05 |INFO  |http-nio-8180-exec-4 |LogHandler.java:62 |cn.antigenmhc.otaku.service.base.handler.LogHandler |------------- 【DELETE】删除开始 -------------
2021-01-27 20:14:05 |INFO  |http-nio-8180-exec-4 |LogHandler.java:63 |cn.antigenmhc.otaku.service.base.handler.LogHandler |请求地址: http://localhost:8180/admin/oss/file/delete DELETE
2021-01-27 20:14:05 |INFO  |http-nio-8180-exec-4 |LogHandler.java:64 |cn.antigenmhc.otaku.service.base.handler.LogHandler |类名方法: cn.antigenmhc.otaku.service.oss.controller.FileController.deleteFile
2021-01-27 20:14:05 |INFO  |http-nio-8180-exec-4 |LogHandler.java:65 |cn.antigenmhc.otaku.service.base.handler.LogHandler |远程地址: 0:0:0:0:0:0:0:1
2021-01-27 20:14:10 |INFO  |http-nio-8180-exec-8 |LogHandler.java:62 |cn.antigenmhc.otaku.service.base.handler.LogHandler |------------- 【POST】操作开始 -------------
2021-01-27 20:14:10 |INFO  |http-nio-8180-exec-8 |LogHandler.java:63 |cn.antigenmhc.otaku.service.base.handler.LogHandler |请求地址: http://localhost:8180/admin/oss/file/upload POST
2021-01-27 20:14:10 |INFO  |http-nio-8180-exec-8 |LogHandler.java:64 |cn.antigenmhc.otaku.service.base.handler.LogHandler |类名方法: cn.antigenmhc.otaku.service.oss.controller.FileController.upload
2021-01-27 20:14:10 |INFO  |http-nio-8180-exec-8 |LogHandler.java:65 |cn.antigenmhc.otaku.service.base.handler.LogHandler |远程地址: 0:0:0:0:0:0:0:1
